  [1m[35m (1.1ms)[0m  [1m[35mDROP DATABASE IF EXISTS "w06d02_development"[0m
  ↳ bin/rails:4
  [1m[35m (0.2ms)[0m  [1m[35mDROP DATABASE IF EXISTS "w06d02_test"[0m
  ↳ bin/rails:4
  [1m[35m (0.2ms)[0m  [1m[35mDROP DATABASE IF EXISTS "w06d02_development"[0m
  ↳ bin/rails:4
  [1m[35m (0.3ms)[0m  [1m[35mDROP DATABASE IF EXISTS "w06d02_test"[0m
  ↳ bin/rails:4
  [1m[35m (615.2ms)[0m  [1m[35mCREATE DATABASE "w06d02_development" ENCODING = 'unicode'[0m
  ↳ bin/rails:4
  [1m[35m (420.8ms)[0m  [1m[35mCREATE DATABASE "w06d02_test" ENCODING = 'unicode'[0m
  ↳ bin/rails:4
  [1m[35m (71.3ms)[0m  [1m[35mCREATE TABLE "schema_migrations" ("version" character varying NOT NULL PRIMARY KEY)[0m
  ↳ bin/rails:4
  [1m[35m (31.7ms)[0m  [1m[35mCREATE TABLE "ar_internal_metadata" ("key" character varying NOT NULL PRIMARY KEY, "value" character varying, "created_at" timestamp NOT NULL, "updated_at" timestamp NOT NULL)[0m
  ↳ bin/rails:4
  [1m[35m (1.0ms)[0m  [1m[34mSELECT pg_try_advisory_lock(1831541686057898850)[0m
  ↳ bin/rails:4
  [1m[35m (0.5ms)[0m  [1m[34mSELECT "schema_migrations"."version" FROM "schema_migrations" ORDER BY "schema_migrations"."version" ASC[0m
  ↳ bin/rails:4
Migrating to CreateUsers (20220802102353)
  [1m[35m (0.3ms)[0m  [1m[35mBEGIN[0m
  ↳ bin/rails:4
  [1m[35m (39.6ms)[0m  [1m[35mCREATE TABLE "users" ("id" bigserial primary key, "first_name" character varying, "last_name" character varying, "created_at" timestamp NOT NULL, "updated_at" timestamp NOT NULL)[0m
  ↳ db/migrate/20220802102353_create_users.rb:3
  [1m[36mActiveRecord::SchemaMigration Create (8.9ms)[0m  [1m[32mINSERT INTO "schema_migrations" ("version") VALUES ($1) RETURNING "version"[0m  [["version", "20220802102353"]]
  ↳ bin/rails:4
  [1m[35m (2.6ms)[0m  [1m[35mCOMMIT[0m
  ↳ bin/rails:4
Migrating to CreateGossips (20220802102441)
  [1m[35m (0.4ms)[0m  [1m[35mBEGIN[0m
  ↳ bin/rails:4
  [1m[35m (32.7ms)[0m  [1m[35mCREATE TABLE "gossips" ("id" bigserial primary key, "title" character varying, "content" text, "user_id" bigint, "created_at" timestamp NOT NULL, "updated_at" timestamp NOT NULL)[0m
  ↳ db/migrate/20220802102441_create_gossips.rb:3
  [1m[35m (7.7ms)[0m  [1m[35mCREATE  INDEX  "index_gossips_on_user_id" ON "gossips"  ("user_id")[0m
  ↳ db/migrate/20220802102441_create_gossips.rb:3
  [1m[36mActiveRecord::SchemaMigration Create (0.5ms)[0m  [1m[32mINSERT INTO "schema_migrations" ("version") VALUES ($1) RETURNING "version"[0m  [["version", "20220802102441"]]
  ↳ bin/rails:4
  [1m[35m (1.7ms)[0m  [1m[35mCOMMIT[0m
  ↳ bin/rails:4
Migrating to CreateComments (20220802104351)
  [1m[35m (0.3ms)[0m  [1m[35mBEGIN[0m
  ↳ bin/rails:4
  [1m[35m (29.6ms)[0m  [1m[35mCREATE TABLE "comments" ("id" bigserial primary key, "content" text, "user_id" bigint, "gossip_id" bigint, "created_at" timestamp NOT NULL, "updated_at" timestamp NOT NULL)[0m
  ↳ db/migrate/20220802104351_create_comments.rb:3
  [1m[35m (5.4ms)[0m  [1m[35mCREATE  INDEX  "index_comments_on_user_id" ON "comments"  ("user_id")[0m
  ↳ db/migrate/20220802104351_create_comments.rb:3
  [1m[35m (4.3ms)[0m  [1m[35mCREATE  INDEX  "index_comments_on_gossip_id" ON "comments"  ("gossip_id")[0m
  ↳ db/migrate/20220802104351_create_comments.rb:3
  [1m[36mActiveRecord::SchemaMigration Create (0.5ms)[0m  [1m[32mINSERT INTO "schema_migrations" ("version") VALUES ($1) RETURNING "version"[0m  [["version", "20220802104351"]]
  ↳ bin/rails:4
  [1m[35m (7.0ms)[0m  [1m[35mCOMMIT[0m
  ↳ bin/rails:4
  [1m[36mActiveRecord::InternalMetadata Load (0.5ms)[0m  [1m[34mSELECT  "ar_internal_metadata".* FROM "ar_internal_metadata" WHERE "ar_internal_metadata"."key" = $1 LIMIT $2[0m  [["key", "environment"], ["LIMIT", 1]]
  ↳ bin/rails:4
  [1m[35m (0.4ms)[0m  [1m[35mBEGIN[0m
  ↳ bin/rails:4
  [1m[36mActiveRecord::InternalMetadata Create (5.3ms)[0m  [1m[32mINSERT INTO "ar_internal_metadata" ("key", "value", "created_at", "updated_at") VALUES ($1, $2, $3, $4) RETURNING "key"[0m  [["key", "environment"], ["value", "development"], ["created_at", "2022-08-02 19:42:11.249897"], ["updated_at", "2022-08-02 19:42:11.249897"]]
  ↳ bin/rails:4
  [1m[35m (6.8ms)[0m  [1m[35mCOMMIT[0m
  ↳ bin/rails:4
  [1m[35m (0.3ms)[0m  [1m[34mSELECT pg_advisory_unlock(1831541686057898850)[0m
  ↳ bin/rails:4
  [1m[35m (0.3ms)[0m  [1m[34mSELECT "schema_migrations"."version" FROM "schema_migrations" ORDER BY "schema_migrations"."version" ASC[0m
  ↳ bin/rails:4
  [1m[35m (0.5ms)[0m  [1m[34mSELECT "schema_migrations"."version" FROM "schema_migrations" ORDER BY "schema_migrations"."version" ASC[0m
  ↳ bin/rails:4
  [1m[35m (0.2ms)[0m  [1m[35mBEGIN[0m
  ↳ db/seeds.rb:3
  [1m[36mUser Create (0.8ms)[0m  [1m[32mINSERT INTO "users" ("first_name", "last_name", "created_at", "updated_at") VALUES ($1, $2, $3, $4) RETURNING "id"[0m  [["first_name", "anonymous"], ["last_name", "anonymous"], ["created_at", "2022-08-02 19:42:17.063888"], ["updated_at", "2022-08-02 19:42:17.063888"]]
  ↳ db/seeds.rb:3
  [1m[35m (2.7ms)[0m  [1m[35mCOMMIT[0m
  ↳ db/seeds.rb:3
  [1m[35m (1.1ms)[0m  [1m[34mSELECT COUNT(*) FROM "users"[0m
  ↳ db/seeds.rb:4
  [1m[35m (0.2ms)[0m  [1m[35mBEGIN[0m
  ↳ db/seeds.rb:5
  [1m[36mUser Create (0.3ms)[0m  [1m[32mINSERT INTO "users" ("first_name", "last_name", "created_at", "updated_at") VALUES ($1, $2, $3, $4) RETURNING "id"[0m  [["first_name", "Cora"], ["last_name", "Flatley"], ["created_at", "2022-08-02 19:42:18.800689"], ["updated_at", "2022-08-02 19:42:18.800689"]]
  ↳ db/seeds.rb:5
  [1m[35m (1.4ms)[0m  [1m[35mCOMMIT[0m
  ↳ db/seeds.rb:5
  [1m[35m (0.3ms)[0m  [1m[34mSELECT COUNT(*) FROM "users"[0m
  ↳ db/seeds.rb:4
  [1m[35m (0.1ms)[0m  [1m[35mBEGIN[0m
  ↳ db/seeds.rb:5
  [1m[36mUser Create (0.2ms)[0m  [1m[32mINSERT INTO "users" ("first_name", "last_name", "created_at", "updated_at") VALUES ($1, $2, $3, $4) RETURNING "id"[0m  [["first_name", "Ardath"], ["last_name", "Heaney"], ["created_at", "2022-08-02 19:42:18.804958"], ["updated_at", "2022-08-02 19:42:18.804958"]]
  ↳ db/seeds.rb:5
  [1m[35m (1.2ms)[0m  [1m[35mCOMMIT[0m
  ↳ db/seeds.rb:5
  [1m[35m (0.3ms)[0m  [1m[34mSELECT COUNT(*) FROM "users"[0m
  ↳ db/seeds.rb:4
  [1m[35m (0.1ms)[0m  [1m[35mBEGIN[0m
  ↳ db/seeds.rb:5
  [1m[36mUser Create (0.2ms)[0m  [1m[32mINSERT INTO "users" ("first_name", "last_name", "created_at", "updated_at") VALUES ($1, $2, $3, $4) RETURNING "id"[0m  [["first_name", "Mariann"], ["last_name", "Shanahan"], ["created_at", "2022-08-02 19:42:18.808668"], ["updated_at", "2022-08-02 19:42:18.808668"]]
  ↳ db/seeds.rb:5
  [1m[35m (1.1ms)[0m  [1m[35mCOMMIT[0m
  ↳ db/seeds.rb:5
  [1m[35m (0.2ms)[0m  [1m[34mSELECT COUNT(*) FROM "users"[0m
  ↳ db/seeds.rb:4
  [1m[35m (0.1ms)[0m  [1m[35mBEGIN[0m
  ↳ db/seeds.rb:5
  [1m[36mUser Create (0.2ms)[0m  [1m[32mINSERT INTO "users" ("first_name", "last_name", "created_at", "updated_at") VALUES ($1, $2, $3, $4) RETURNING "id"[0m  [["first_name", "Linn"], ["last_name", "Dibbert"], ["created_at", "2022-08-02 19:42:18.812535"], ["updated_at", "2022-08-02 19:42:18.812535"]]
  ↳ db/seeds.rb:5
  [1m[35m (0.9ms)[0m  [1m[35mCOMMIT[0m
  ↳ db/seeds.rb:5
  [1m[35m (0.2ms)[0m  [1m[34mSELECT COUNT(*) FROM "users"[0m
  ↳ db/seeds.rb:4
  [1m[35m (0.1ms)[0m  [1m[35mBEGIN[0m
  ↳ db/seeds.rb:5
  [1m[36mUser Create (0.2ms)[0m  [1m[32mINSERT INTO "users" ("first_name", "last_name", "created_at", "updated_at") VALUES ($1, $2, $3, $4) RETURNING "id"[0m  [["first_name", "Jarrett"], ["last_name", "Lang"], ["created_at", "2022-08-02 19:42:18.815834"], ["updated_at", "2022-08-02 19:42:18.815834"]]
  ↳ db/seeds.rb:5
  [1m[35m (0.9ms)[0m  [1m[35mCOMMIT[0m
  ↳ db/seeds.rb:5
  [1m[35m (0.2ms)[0m  [1m[34mSELECT COUNT(*) FROM "users"[0m
  ↳ db/seeds.rb:4
  [1m[35m (0.1ms)[0m  [1m[35mBEGIN[0m
  ↳ db/seeds.rb:5
  [1m[36mUser Create (0.2ms)[0m  [1m[32mINSERT INTO "users" ("first_name", "last_name", "created_at", "updated_at") VALUES ($1, $2, $3, $4) RETURNING "id"[0m  [["first_name", "Dallas"], ["last_name", "Kemmer"], ["created_at", "2022-08-02 19:42:18.819181"], ["updated_at", "2022-08-02 19:42:18.819181"]]
  ↳ db/seeds.rb:5
  [1m[35m (1.0ms)[0m  [1m[35mCOMMIT[0m
  ↳ db/seeds.rb:5
  [1m[35m (0.3ms)[0m  [1m[34mSELECT COUNT(*) FROM "users"[0m
  ↳ db/seeds.rb:4
  [1m[35m (0.1ms)[0m  [1m[35mBEGIN[0m
  ↳ db/seeds.rb:5
  [1m[36mUser Create (0.2ms)[0m  [1m[32mINSERT INTO "users" ("first_name", "last_name", "created_at", "updated_at") VALUES ($1, $2, $3, $4) RETURNING "id"[0m  [["first_name", "Abdul"], ["last_name", "Hermiston"], ["created_at", "2022-08-02 19:42:18.822993"], ["updated_at", "2022-08-02 19:42:18.822993"]]
  ↳ db/seeds.rb:5
  [1m[35m (8.1ms)[0m  [1m[35mCOMMIT[0m
  ↳ db/seeds.rb:5
  [1m[35m (0.6ms)[0m  [1m[34mSELECT COUNT(*) FROM "users"[0m
  ↳ db/seeds.rb:4
  [1m[35m (0.4ms)[0m  [1m[35mBEGIN[0m
  ↳ db/seeds.rb:5
  [1m[36mUser Create (0.6ms)[0m  [1m[32mINSERT INTO "users" ("first_name", "last_name", "created_at", "updated_at") VALUES ($1, $2, $3, $4) RETURNING "id"[0m  [["first_name", "Florencia"], ["last_name", "Collins"], ["created_at", "2022-08-02 19:42:18.835661"], ["updated_at", "2022-08-02 19:42:18.835661"]]
  ↳ db/seeds.rb:5
  [1m[35m (7.6ms)[0m  [1m[35mCOMMIT[0m
  ↳ db/seeds.rb:5
  [1m[35m (0.4ms)[0m  [1m[34mSELECT COUNT(*) FROM "users"[0m
  ↳ db/seeds.rb:4
  [1m[35m (0.2ms)[0m  [1m[35mBEGIN[0m
  ↳ db/seeds.rb:5
  [1m[36mUser Create (0.3ms)[0m  [1m[32mINSERT INTO "users" ("first_name", "last_name", "created_at", "updated_at") VALUES ($1, $2, $3, $4) RETURNING "id"[0m  [["first_name", "Miguel"], ["last_name", "Schroeder"], ["created_at", "2022-08-02 19:42:18.847272"], ["updated_at", "2022-08-02 19:42:18.847272"]]
  ↳ db/seeds.rb:5
  [1m[35m (7.9ms)[0m  [1m[35mCOMMIT[0m
  ↳ db/seeds.rb:5
  [1m[35m (0.4ms)[0m  [1m[34mSELECT COUNT(*) FROM "users"[0m
  ↳ db/seeds.rb:4
  [1m[35m (0.2ms)[0m  [1m[35mBEGIN[0m
  ↳ db/seeds.rb:5
  [1m[36mUser Create (0.4ms)[0m  [1m[32mINSERT INTO "users" ("first_name", "last_name", "created_at", "updated_at") VALUES ($1, $2, $3, $4) RETURNING "id"[0m  [["first_name", "Louie"], ["last_name", "D'Amore"], ["created_at", "2022-08-02 19:42:18.858190"], ["updated_at", "2022-08-02 19:42:18.858190"]]
  ↳ db/seeds.rb:5
  [1m[35m (8.1ms)[0m  [1m[35mCOMMIT[0m
  ↳ db/seeds.rb:5
  [1m[35m (0.4ms)[0m  [1m[34mSELECT COUNT(*) FROM "users"[0m
  ↳ db/seeds.rb:4
  [1m[35m (0.3ms)[0m  [1m[35mBEGIN[0m
  ↳ db/seeds.rb:5
  [1m[36mUser Create (0.3ms)[0m  [1m[32mINSERT INTO "users" ("first_name", "last_name", "created_at", "updated_at") VALUES ($1, $2, $3, $4) RETURNING "id"[0m  [["first_name", "Hilton"], ["last_name", "Wehner"], ["created_at", "2022-08-02 19:42:18.869524"], ["updated_at", "2022-08-02 19:42:18.869524"]]
  ↳ db/seeds.rb:5
  [1m[35m (1.6ms)[0m  [1m[35mCOMMIT[0m
  ↳ db/seeds.rb:5
  [1m[35m (0.4ms)[0m  [1m[34mSELECT COUNT(*) FROM "users"[0m
  ↳ db/seeds.rb:4
  [1m[35m (0.2ms)[0m  [1m[35mBEGIN[0m
  ↳ db/seeds.rb:5
  [1m[36mUser Create (0.4ms)[0m  [1m[32mINSERT INTO "users" ("first_name", "last_name", "created_at", "updated_at") VALUES ($1, $2, $3, $4) RETURNING "id"[0m  [["first_name", "Bonnie"], ["last_name", "Lynch"], ["created_at", "2022-08-02 19:42:18.873819"], ["updated_at", "2022-08-02 19:42:18.873819"]]
  ↳ db/seeds.rb:5
  [1m[35m (2.0ms)[0m  [1m[35mCOMMIT[0m
  ↳ db/seeds.rb:5
  [1m[35m (0.5ms)[0m  [1m[34mSELECT COUNT(*) FROM "users"[0m
  ↳ db/seeds.rb:4
  [1m[35m (0.2ms)[0m  [1m[35mBEGIN[0m
  ↳ db/seeds.rb:5
  [1m[36mUser Create (0.3ms)[0m  [1m[32mINSERT INTO "users" ("first_name", "last_name", "created_at", "updated_at") VALUES ($1, $2, $3, $4) RETURNING "id"[0m  [["first_name", "Thad"], ["last_name", "Waelchi"], ["created_at", "2022-08-02 19:42:18.878866"], ["updated_at", "2022-08-02 19:42:18.878866"]]
  ↳ db/seeds.rb:5
  [1m[35m (2.2ms)[0m  [1m[35mCOMMIT[0m
  ↳ db/seeds.rb:5
  [1m[35m (0.4ms)[0m  [1m[34mSELECT COUNT(*) FROM "users"[0m
  ↳ db/seeds.rb:4
  [1m[35m (0.2ms)[0m  [1m[35mBEGIN[0m
  ↳ db/seeds.rb:5
  [1m[36mUser Create (0.3ms)[0m  [1m[32mINSERT INTO "users" ("first_name", "last_name", "created_at", "updated_at") VALUES ($1, $2, $3, $4) RETURNING "id"[0m  [["first_name", "Erwin"], ["last_name", "Emard"], ["created_at", "2022-08-02 19:42:18.884241"], ["updated_at", "2022-08-02 19:42:18.884241"]]
  ↳ db/seeds.rb:5
  [1m[35m (1.9ms)[0m  [1m[35mCOMMIT[0m
  ↳ db/seeds.rb:5
  [1m[35m (0.3ms)[0m  [1m[34mSELECT COUNT(*) FROM "users"[0m
  ↳ db/seeds.rb:4
  [1m[35m (0.2ms)[0m  [1m[35mBEGIN[0m
  ↳ db/seeds.rb:5
  [1m[36mUser Create (0.3ms)[0m  [1m[32mINSERT INTO "users" ("first_name", "last_name", "created_at", "updated_at") VALUES ($1, $2, $3, $4) RETURNING "id"[0m  [["first_name", "Ria"], ["last_name", "Herzog"], ["created_at", "2022-08-02 19:42:18.889176"], ["updated_at", "2022-08-02 19:42:18.889176"]]
  ↳ db/seeds.rb:5
  [1m[35m (1.6ms)[0m  [1m[35mCOMMIT[0m
  ↳ db/seeds.rb:5
  [1m[35m (0.3ms)[0m  [1m[34mSELECT COUNT(*) FROM "users"[0m
  ↳ db/seeds.rb:4
  [1m[35m (0.2ms)[0m  [1m[35mBEGIN[0m
  ↳ db/seeds.rb:5
  [1m[36mUser Create (0.3ms)[0m  [1m[32mINSERT INTO "users" ("first_name", "last_name", "created_at", "updated_at") VALUES ($1, $2, $3, $4) RETURNING "id"[0m  [["first_name", "Ashley"], ["last_name", "Huels"], ["created_at", "2022-08-02 19:42:18.893485"], ["updated_at", "2022-08-02 19:42:18.893485"]]
  ↳ db/seeds.rb:5
  [1m[35m (1.7ms)[0m  [1m[35mCOMMIT[0m
  ↳ db/seeds.rb:5
  [1m[35m (0.3ms)[0m  [1m[34mSELECT COUNT(*) FROM "users"[0m
  ↳ db/seeds.rb:4
  [1m[35m (0.2ms)[0m  [1m[35mBEGIN[0m
  ↳ db/seeds.rb:5
  [1m[36mUser Create (0.3ms)[0m  [1m[32mINSERT INTO "users" ("first_name", "last_name", "created_at", "updated_at") VALUES ($1, $2, $3, $4) RETURNING "id"[0m  [["first_name", "Marianela"], ["last_name", "Legros"], ["created_at", "2022-08-02 19:42:18.897588"], ["updated_at", "2022-08-02 19:42:18.897588"]]
  ↳ db/seeds.rb:5
  [1m[35m (1.5ms)[0m  [1m[35mCOMMIT[0m
  ↳ db/seeds.rb:5
  [1m[35m (0.3ms)[0m  [1m[34mSELECT COUNT(*) FROM "users"[0m
  ↳ db/seeds.rb:4
  [1m[35m (0.2ms)[0m  [1m[35mBEGIN[0m
  ↳ db/seeds.rb:5
  [1m[36mUser Create (0.3ms)[0m  [1m[32mINSERT INTO "users" ("first_name", "last_name", "created_at", "updated_at") VALUES ($1, $2, $3, $4) RETURNING "id"[0m  [["first_name", "Ruby"], ["last_name", "Koch"], ["created_at", "2022-08-02 19:42:18.901429"], ["updated_at", "2022-08-02 19:42:18.901429"]]
  ↳ db/seeds.rb:5
  [1m[35m (1.2ms)[0m  [1m[35mCOMMIT[0m
  ↳ db/seeds.rb:5
  [1m[35m (0.3ms)[0m  [1m[34mSELECT COUNT(*) FROM "users"[0m
  ↳ db/seeds.rb:4
  [1m[35m (0.2ms)[0m  [1m[35mBEGIN[0m
  ↳ db/seeds.rb:5
  [1m[36mUser Create (0.3ms)[0m  [1m[32mINSERT INTO "users" ("first_name", "last_name", "created_at", "updated_at") VALUES ($1, $2, $3, $4) RETURNING "id"[0m  [["first_name", "Shane"], ["last_name", "Langworth"], ["created_at", "2022-08-02 19:42:18.905261"], ["updated_at", "2022-08-02 19:42:18.905261"]]
  ↳ db/seeds.rb:5
  [1m[35m (6.2ms)[0m  [1m[35mCOMMIT[0m
  ↳ db/seeds.rb:5
  [1m[35m (0.3ms)[0m  [1m[34mSELECT COUNT(*) FROM "users"[0m
  ↳ db/seeds.rb:4
  [1m[35m (0.2ms)[0m  [1m[35mBEGIN[0m
  ↳ db/seeds.rb:5
  [1m[36mUser Create (0.3ms)[0m  [1m[32mINSERT INTO "users" ("first_name", "last_name", "created_at", "updated_at") VALUES ($1, $2, $3, $4) RETURNING "id"[0m  [["first_name", "Rochel"], ["last_name", "Franecki"], ["created_at", "2022-08-02 19:42:18.914055"], ["updated_at", "2022-08-02 19:42:18.914055"]]
  ↳ db/seeds.rb:5
  [1m[35m (6.2ms)[0m  [1m[35mCOMMIT[0m
  ↳ db/seeds.rb:5
  [1m[35m (0.4ms)[0m  [1m[34mSELECT COUNT(*) FROM "users"[0m
  ↳ db/seeds.rb:4
  [1m[35m (0.2ms)[0m  [1m[35mBEGIN[0m
  ↳ db/seeds.rb:5
  [1m[36mUser Create (0.3ms)[0m  [1m[32mINSERT INTO "users" ("first_name", "last_name", "created_at", "updated_at") VALUES ($1, $2, $3, $4) RETURNING "id"[0m  [["first_name", "Geraldo"], ["last_name", "Bernier"], ["created_at", "2022-08-02 19:42:18.922831"], ["updated_at", "2022-08-02 19:42:18.922831"]]
  ↳ db/seeds.rb:5
  [1m[35m (6.5ms)[0m  [1m[35mCOMMIT[0m
  ↳ db/seeds.rb:5
  [1m[35m (0.3ms)[0m  [1m[34mSELECT COUNT(*) FROM "users"[0m
  ↳ db/seeds.rb:4
  [1m[35m (0.3ms)[0m  [1m[35mBEGIN[0m
  ↳ db/seeds.rb:5
  [1m[36mUser Create (0.4ms)[0m  [1m[32mINSERT INTO "users" ("first_name", "last_name", "created_at", "updated_at") VALUES ($1, $2, $3, $4) RETURNING "id"[0m  [["first_name", "Ellis"], ["last_name", "Stamm"], ["created_at", "2022-08-02 19:42:18.932132"], ["updated_at", "2022-08-02 19:42:18.932132"]]
  ↳ db/seeds.rb:5
  [1m[35m (6.9ms)[0m  [1m[35mCOMMIT[0m
  ↳ db/seeds.rb:5
  [1m[35m (0.4ms)[0m  [1m[34mSELECT COUNT(*) FROM "users"[0m
  ↳ db/seeds.rb:4
  [1m[35m (0.2ms)[0m  [1m[35mBEGIN[0m
  ↳ db/seeds.rb:5
  [1m[36mUser Create (0.3ms)[0m  [1m[32mINSERT INTO "users" ("first_name", "last_name", "created_at", "updated_at") VALUES ($1, $2, $3, $4) RETURNING "id"[0m  [["first_name", "Gonzalo"], ["last_name", "Barrows"], ["created_at", "2022-08-02 19:42:18.941863"], ["updated_at", "2022-08-02 19:42:18.941863"]]
  ↳ db/seeds.rb:5
  [1m[35m (1.4ms)[0m  [1m[35mCOMMIT[0m
  ↳ db/seeds.rb:5
  [1m[35m (0.3ms)[0m  [1m[34mSELECT COUNT(*) FROM "users"[0m
  ↳ db/seeds.rb:4
  [1m[35m (0.2ms)[0m  [1m[35mBEGIN[0m
  ↳ db/seeds.rb:5
  [1m[36mUser Create (0.3ms)[0m  [1m[32mINSERT INTO "users" ("first_name", "last_name", "created_at", "updated_at") VALUES ($1, $2, $3, $4) RETURNING "id"[0m  [["first_name", "Kim"], ["last_name", "Carroll"], ["created_at", "2022-08-02 19:42:18.945641"], ["updated_at", "2022-08-02 19:42:18.945641"]]
  ↳ db/seeds.rb:5
  [1m[35m (1.4ms)[0m  [1m[35mCOMMIT[0m
  ↳ db/seeds.rb:5
  [1m[35m (0.3ms)[0m  [1m[34mSELECT COUNT(*) FROM "users"[0m
  ↳ db/seeds.rb:4
  [1m[35m (0.2ms)[0m  [1m[35mBEGIN[0m
  ↳ db/seeds.rb:5
  [1m[36mUser Create (0.3ms)[0m  [1m[32mINSERT INTO "users" ("first_name", "last_name", "created_at", "updated_at") VALUES ($1, $2, $3, $4) RETURNING "id"[0m  [["first_name", "Yuk"], ["last_name", "Cummerata"], ["created_at", "2022-08-02 19:42:18.949352"], ["updated_at", "2022-08-02 19:42:18.949352"]]
  ↳ db/seeds.rb:5
  [1m[35m (1.6ms)[0m  [1m[35mCOMMIT[0m
  ↳ db/seeds.rb:5
  [1m[35m (0.3ms)[0m  [1m[34mSELECT COUNT(*) FROM "users"[0m
  ↳ db/seeds.rb:4
  [1m[35m (0.2ms)[0m  [1m[35mBEGIN[0m
  ↳ db/seeds.rb:5
  [1m[36mUser Create (0.3ms)[0m  [1m[32mINSERT INTO "users" ("first_name", "last_name", "created_at", "updated_at") VALUES ($1, $2, $3, $4) RETURNING "id"[0m  [["first_name", "Clayton"], ["last_name", "Murphy"], ["created_at", "2022-08-02 19:42:18.953424"], ["updated_at", "2022-08-02 19:42:18.953424"]]
  ↳ db/seeds.rb:5
  [1m[35m (1.4ms)[0m  [1m[35mCOMMIT[0m
  ↳ db/seeds.rb:5
  [1m[35m (0.3ms)[0m  [1m[34mSELECT COUNT(*) FROM "users"[0m
  ↳ db/seeds.rb:4
  [1m[35m (0.2ms)[0m  [1m[35mBEGIN[0m
  ↳ db/seeds.rb:5
  [1m[36mUser Create (0.3ms)[0m  [1m[32mINSERT INTO "users" ("first_name", "last_name", "created_at", "updated_at") VALUES ($1, $2, $3, $4) RETURNING "id"[0m  [["first_name", "Everett"], ["last_name", "Mann"], ["created_at", "2022-08-02 19:42:18.957272"], ["updated_at", "2022-08-02 19:42:18.957272"]]
  ↳ db/seeds.rb:5
  [1m[35m (1.4ms)[0m  [1m[35mCOMMIT[0m
  ↳ db/seeds.rb:5
  [1m[35m (0.3ms)[0m  [1m[34mSELECT COUNT(*) FROM "users"[0m
  ↳ db/seeds.rb:4
  [1m[35m (0.2ms)[0m  [1m[35mBEGIN[0m
  ↳ db/seeds.rb:5
  [1m[36mUser Create (0.3ms)[0m  [1m[32mINSERT INTO "users" ("first_name", "last_name", "created_at", "updated_at") VALUES ($1, $2, $3, $4) RETURNING "id"[0m  [["first_name", "Lino"], ["last_name", "Rohan"], ["created_at", "2022-08-02 19:42:18.961170"], ["updated_at", "2022-08-02 19:42:18.961170"]]
  ↳ db/seeds.rb:5
  [1m[35m (1.3ms)[0m  [1m[35mCOMMIT[0m
  ↳ db/seeds.rb:5
  [1m[35m (0.3ms)[0m  [1m[34mSELECT COUNT(*) FROM "users"[0m
  ↳ db/seeds.rb:4
  [1m[35m (0.2ms)[0m  [1m[35mBEGIN[0m
  ↳ db/seeds.rb:5
  [1m[36mUser Create (0.3ms)[0m  [1m[32mINSERT INTO "users" ("first_name", "last_name", "created_at", "updated_at") VALUES ($1, $2, $3, $4) RETURNING "id"[0m  [["first_name", "Emil"], ["last_name", "Zulauf"], ["created_at", "2022-08-02 19:42:18.964963"], ["updated_at", "2022-08-02 19:42:18.964963"]]
  ↳ db/seeds.rb:5
  [1m[35m (1.6ms)[0m  [1m[35mCOMMIT[0m
  ↳ db/seeds.rb:5
  [1m[35m (0.3ms)[0m  [1m[34mSELECT COUNT(*) FROM "users"[0m
  ↳ db/seeds.rb:4
  [1m[35m (0.2ms)[0m  [1m[35mBEGIN[0m
  ↳ db/seeds.rb:5
  [1m[36mUser Create (0.3ms)[0m  [1m[32mINSERT INTO "users" ("first_name", "last_name", "created_at", "updated_at") VALUES ($1, $2, $3, $4) RETURNING "id"[0m  [["first_name", "Melania"], ["last_name", "Bahringer"], ["created_at", "2022-08-02 19:42:18.969002"], ["updated_at", "2022-08-02 19:42:18.969002"]]
  ↳ db/seeds.rb:5
  [1m[35m (1.7ms)[0m  [1m[35mCOMMIT[0m
  ↳ db/seeds.rb:5
  [1m[35m (0.3ms)[0m  [1m[34mSELECT COUNT(*) FROM "users"[0m
  ↳ db/seeds.rb:4
  [1m[35m (0.2ms)[0m  [1m[35mBEGIN[0m
  ↳ db/seeds.rb:5
  [1m[36mUser Create (0.4ms)[0m  [1m[32mINSERT INTO "users" ("first_name", "last_name", "created_at", "updated_at") VALUES ($1, $2, $3, $4) RETURNING "id"[0m  [["first_name", "Cory"], ["last_name", "Johnston"], ["created_at", "2022-08-02 19:42:18.973471"], ["updated_at", "2022-08-02 19:42:18.973471"]]
  ↳ db/seeds.rb:5
  [1m[35m (6.9ms)[0m  [1m[35mCOMMIT[0m
  ↳ db/seeds.rb:5
  [1m[35m (0.3ms)[0m  [1m[34mSELECT COUNT(*) FROM "users"[0m
  ↳ db/seeds.rb:4
  [1m[35m (0.2ms)[0m  [1m[35mBEGIN[0m
  ↳ db/seeds.rb:5
  [1m[36mUser Create (0.3ms)[0m  [1m[32mINSERT INTO "users" ("first_name", "last_name", "created_at", "updated_at") VALUES ($1, $2, $3, $4) RETURNING "id"[0m  [["first_name", "Luanne"], ["last_name", "Jacobi"], ["created_at", "2022-08-02 19:42:18.983514"], ["updated_at", "2022-08-02 19:42:18.983514"]]
  ↳ db/seeds.rb:5
  [1m[35m (6.5ms)[0m  [1m[35mCOMMIT[0m
  ↳ db/seeds.rb:5
  [1m[35m (0.3ms)[0m  [1m[34mSELECT COUNT(*) FROM "users"[0m
  ↳ db/seeds.rb:4
  [1m[35m (0.2ms)[0m  [1m[35mBEGIN[0m
  ↳ db/seeds.rb:5
  [1m[36mUser Create (0.3ms)[0m  [1m[32mINSERT INTO "users" ("first_name", "last_name", "created_at", "updated_at") VALUES ($1, $2, $3, $4) RETURNING "id"[0m  [["first_name", "Eveline"], ["last_name", "Renner"], ["created_at", "2022-08-02 19:42:18.992970"], ["updated_at", "2022-08-02 19:42:18.992970"]]
  ↳ db/seeds.rb:5
  [1m[35m (6.7ms)[0m  [1m[35mCOMMIT[0m
  ↳ db/seeds.rb:5
  [1m[35m (0.3ms)[0m  [1m[34mSELECT COUNT(*) FROM "users"[0m
  ↳ db/seeds.rb:4
  [1m[35m (0.2ms)[0m  [1m[35mBEGIN[0m
  ↳ db/seeds.rb:5
  [1m[36mUser Create (0.3ms)[0m  [1m[32mINSERT INTO "users" ("first_name", "last_name", "created_at", "updated_at") VALUES ($1, $2, $3, $4) RETURNING "id"[0m  [["first_name", "Audry"], ["last_name", "Klocko"], ["created_at", "2022-08-02 19:42:19.002639"], ["updated_at", "2022-08-02 19:42:19.002639"]]
  ↳ db/seeds.rb:5
  [1m[35m (6.8ms)[0m  [1m[35mCOMMIT[0m
  ↳ db/seeds.rb:5
  [1m[35m (0.3ms)[0m  [1m[34mSELECT COUNT(*) FROM "users"[0m
  ↳ db/seeds.rb:4
  [1m[35m (0.2ms)[0m  [1m[35mBEGIN[0m
  ↳ db/seeds.rb:5
  [1m[36mUser Create (0.3ms)[0m  [1m[32mINSERT INTO "users" ("first_name", "last_name", "created_at", "updated_at") VALUES ($1, $2, $3, $4) RETURNING "id"[0m  [["first_name", "Mickie"], ["last_name", "Nolan"], ["created_at", "2022-08-02 19:42:19.012394"], ["updated_at", "2022-08-02 19:42:19.012394"]]
  ↳ db/seeds.rb:5
  [1m[35m (1.3ms)[0m  [1m[35mCOMMIT[0m
  ↳ db/seeds.rb:5
  [1m[35m (0.3ms)[0m  [1m[34mSELECT COUNT(*) FROM "users"[0m
  ↳ db/seeds.rb:4
  [1m[35m (0.2ms)[0m  [1m[35mBEGIN[0m
  ↳ db/seeds.rb:5
  [1m[36mUser Create (0.3ms)[0m  [1m[32mINSERT INTO "users" ("first_name", "last_name", "created_at", "updated_at") VALUES ($1, $2, $3, $4) RETURNING "id"[0m  [["first_name", "Raul"], ["last_name", "Jones"], ["created_at", "2022-08-02 19:42:19.016181"], ["updated_at", "2022-08-02 19:42:19.016181"]]
  ↳ db/seeds.rb:5
  [1m[35m (1.5ms)[0m  [1m[35mCOMMIT[0m
  ↳ db/seeds.rb:5
  [1m[35m (0.3ms)[0m  [1m[34mSELECT COUNT(*) FROM "users"[0m
  ↳ db/seeds.rb:4
  [1m[35m (0.2ms)[0m  [1m[35mBEGIN[0m
  ↳ db/seeds.rb:5
  [1m[36mUser Create (0.3ms)[0m  [1m[32mINSERT INTO "users" ("first_name", "last_name", "created_at", "updated_at") VALUES ($1, $2, $3, $4) RETURNING "id"[0m  [["first_name", "Felice"], ["last_name", "Johnson"], ["created_at", "2022-08-02 19:42:19.020246"], ["updated_at", "2022-08-02 19:42:19.020246"]]
  ↳ db/seeds.rb:5
  [1m[35m (1.3ms)[0m  [1m[35mCOMMIT[0m
  ↳ db/seeds.rb:5
  [1m[35m (0.3ms)[0m  [1m[34mSELECT COUNT(*) FROM "users"[0m
  ↳ db/seeds.rb:4
  [1m[35m (0.2ms)[0m  [1m[35mBEGIN[0m
  ↳ db/seeds.rb:5
  [1m[36mUser Create (0.3ms)[0m  [1m[32mINSERT INTO "users" ("first_name", "last_name", "created_at", "updated_at") VALUES ($1, $2, $3, $4) RETURNING "id"[0m  [["first_name", "Brendan"], ["last_name", "Hintz"], ["created_at", "2022-08-02 19:42:19.023984"], ["updated_at", "2022-08-02 19:42:19.023984"]]
  ↳ db/seeds.rb:5
  [1m[35m (1.3ms)[0m  [1m[35mCOMMIT[0m
  ↳ db/seeds.rb:5
  [1m[35m (0.3ms)[0m  [1m[34mSELECT COUNT(*) FROM "users"[0m
  ↳ db/seeds.rb:4
  [1m[35m (0.2ms)[0m  [1m[35mBEGIN[0m
  ↳ db/seeds.rb:5
  [1m[36mUser Create (0.3ms)[0m  [1m[32mINSERT INTO "users" ("first_name", "last_name", "created_at", "updated_at") VALUES ($1, $2, $3, $4) RETURNING "id"[0m  [["first_name", "Ona"], ["last_name", "Friesen"], ["created_at", "2022-08-02 19:42:19.027619"], ["updated_at", "2022-08-02 19:42:19.027619"]]
  ↳ db/seeds.rb:5
  [1m[35m (1.2ms)[0m  [1m[35mCOMMIT[0m
  ↳ db/seeds.rb:5
  [1m[35m (0.3ms)[0m  [1m[34mSELECT COUNT(*) FROM "users"[0m
  ↳ db/seeds.rb:4
  [1m[35m (0.2ms)[0m  [1m[35mBEGIN[0m
  ↳ db/seeds.rb:5
  [1m[36mUser Create (0.3ms)[0m  [1m[32mINSERT INTO "users" ("first_name", "last_name", "created_at", "updated_at") VALUES ($1, $2, $3, $4) RETURNING "id"[0m  [["first_name", "Jodie"], ["last_name", "Kuphal"], ["created_at", "2022-08-02 19:42:19.031173"], ["updated_at", "2022-08-02 19:42:19.031173"]]
  ↳ db/seeds.rb:5
  [1m[35m (1.4ms)[0m  [1m[35mCOMMIT[0m
  ↳ db/seeds.rb:5
  [1m[35m (0.3ms)[0m  [1m[34mSELECT COUNT(*) FROM "users"[0m
  ↳ db/seeds.rb:4
  [1m[35m (0.2ms)[0m  [1m[35mBEGIN[0m
  ↳ db/seeds.rb:5
  [1m[36mUser Create (0.3ms)[0m  [1m[32mINSERT INTO "users" ("first_name", "last_name", "created_at", "updated_at") VALUES ($1, $2, $3, $4) RETURNING "id"[0m  [["first_name", "Maryland"], ["last_name", "Vandervort"], ["created_at", "2022-08-02 19:42:19.035278"], ["updated_at", "2022-08-02 19:42:19.035278"]]
  ↳ db/seeds.rb:5
  [1m[35m (1.4ms)[0m  [1m[35mCOMMIT[0m
  ↳ db/seeds.rb:5
  [1m[35m (0.2ms)[0m  [1m[34mSELECT COUNT(*) FROM "users"[0m
  ↳ db/seeds.rb:4
  [1m[35m (0.2ms)[0m  [1m[35mBEGIN[0m
  ↳ db/seeds.rb:5
  [1m[36mUser Create (0.3ms)[0m  [1m[32mINSERT INTO "users" ("first_name", "last_name", "created_at", "updated_at") VALUES ($1, $2, $3, $4) RETURNING "id"[0m  [["first_name", "Bryant"], ["last_name", "White"], ["created_at", "2022-08-02 19:42:19.039319"], ["updated_at", "2022-08-02 19:42:19.039319"]]
  ↳ db/seeds.rb:5
  [1m[35m (1.1ms)[0m  [1m[35mCOMMIT[0m
  ↳ db/seeds.rb:5
  [1m[35m (0.3ms)[0m  [1m[34mSELECT COUNT(*) FROM "users"[0m
  ↳ db/seeds.rb:4
  [1m[35m (0.2ms)[0m  [1m[35mBEGIN[0m
  ↳ db/seeds.rb:5
  [1m[36mUser Create (0.3ms)[0m  [1m[32mINSERT INTO "users" ("first_name", "last_name", "created_at", "updated_at") VALUES ($1, $2, $3, $4) RETURNING "id"[0m  [["first_name", "Melodee"], ["last_name", "Wisozk"], ["created_at", "2022-08-02 19:42:19.043138"], ["updated_at", "2022-08-02 19:42:19.043138"]]
  ↳ db/seeds.rb:5
  [1m[35m (6.9ms)[0m  [1m[35mCOMMIT[0m
  ↳ db/seeds.rb:5
  [1m[35m (0.9ms)[0m  [1m[34mSELECT COUNT(*) FROM "users"[0m
  ↳ db/seeds.rb:4
  [1m[35m (0.5ms)[0m  [1m[35mBEGIN[0m
  ↳ db/seeds.rb:5
  [1m[36mUser Create (0.8ms)[0m  [1m[32mINSERT INTO "users" ("first_name", "last_name", "created_at", "updated_at") VALUES ($1, $2, $3, $4) RETURNING "id"[0m  [["first_name", "Darci"], ["last_name", "Koepp"], ["created_at", "2022-08-02 19:42:19.056154"], ["updated_at", "2022-08-02 19:42:19.056154"]]
  ↳ db/seeds.rb:5
  [1m[35m (7.1ms)[0m  [1m[35mCOMMIT[0m
  ↳ db/seeds.rb:5
  [1m[35m (0.5ms)[0m  [1m[34mSELECT COUNT(*) FROM "users"[0m
  ↳ db/seeds.rb:4
  [1m[35m (0.3ms)[0m  [1m[35mBEGIN[0m
  ↳ db/seeds.rb:5
  [1m[36mUser Create (0.4ms)[0m  [1m[32mINSERT INTO "users" ("first_name", "last_name", "created_at", "updated_at") VALUES ($1, $2, $3, $4) RETURNING "id"[0m  [["first_name", "Cameron"], ["last_name", "VonRueden"], ["created_at", "2022-08-02 19:42:19.068337"], ["updated_at", "2022-08-02 19:42:19.068337"]]
  ↳ db/seeds.rb:5
  [1m[35m (7.2ms)[0m  [1m[35mCOMMIT[0m
  ↳ db/seeds.rb:5
  [1m[35m (0.5ms)[0m  [1m[34mSELECT COUNT(*) FROM "users"[0m
  ↳ db/seeds.rb:4
  [1m[35m (0.3ms)[0m  [1m[35mBEGIN[0m
  ↳ db/seeds.rb:5
  [1m[36mUser Create (0.4ms)[0m  [1m[32mINSERT INTO "users" ("first_name", "last_name", "created_at", "updated_at") VALUES ($1, $2, $3, $4) RETURNING "id"[0m  [["first_name", "Ted"], ["last_name", "Beer"], ["created_at", "2022-08-02 19:42:19.079026"], ["updated_at", "2022-08-02 19:42:19.079026"]]
  ↳ db/seeds.rb:5
  [1m[35m (6.9ms)[0m  [1m[35mCOMMIT[0m
  ↳ db/seeds.rb:5
  [1m[35m (0.5ms)[0m  [1m[34mSELECT COUNT(*) FROM "users"[0m
  ↳ db/seeds.rb:4
  [1m[35m (0.3ms)[0m  [1m[35mBEGIN[0m
  ↳ db/seeds.rb:5
  [1m[36mUser Create (0.4ms)[0m  [1m[32mINSERT INTO "users" ("first_name", "last_name", "created_at", "updated_at") VALUES ($1, $2, $3, $4) RETURNING "id"[0m  [["first_name", "Leigha"], ["last_name", "Will"], ["created_at", "2022-08-02 19:42:19.089409"], ["updated_at", "2022-08-02 19:42:19.089409"]]
  ↳ db/seeds.rb:5
  [1m[35m (1.8ms)[0m  [1m[35mCOMMIT[0m
  ↳ db/seeds.rb:5
  [1m[35m (0.5ms)[0m  [1m[34mSELECT COUNT(*) FROM "users"[0m
  ↳ db/seeds.rb:4
  [1m[35m (0.3ms)[0m  [1m[35mBEGIN[0m
  ↳ db/seeds.rb:5
  [1m[36mUser Create (0.4ms)[0m  [1m[32mINSERT INTO "users" ("first_name", "last_name", "created_at", "updated_at") VALUES ($1, $2, $3, $4) RETURNING "id"[0m  [["first_name", "Stacey"], ["last_name", "Lemke"], ["created_at", "2022-08-02 19:42:19.094831"], ["updated_at", "2022-08-02 19:42:19.094831"]]
  ↳ db/seeds.rb:5
  [1m[35m (2.1ms)[0m  [1m[35mCOMMIT[0m
  ↳ db/seeds.rb:5
  [1m[35m (0.4ms)[0m  [1m[34mSELECT COUNT(*) FROM "users"[0m
  ↳ db/seeds.rb:4
  [1m[35m (0.2ms)[0m  [1m[35mBEGIN[0m
  ↳ db/seeds.rb:5
  [1m[36mUser Create (0.4ms)[0m  [1m[32mINSERT INTO "users" ("first_name", "last_name", "created_at", "updated_at") VALUES ($1, $2, $3, $4) RETURNING "id"[0m  [["first_name", "Young"], ["last_name", "Feest"], ["created_at", "2022-08-02 19:42:19.100479"], ["updated_at", "2022-08-02 19:42:19.100479"]]
  ↳ db/seeds.rb:5
  [1m[35m (1.6ms)[0m  [1m[35mCOMMIT[0m
  ↳ db/seeds.rb:5
  [1m[35m (0.4ms)[0m  [1m[34mSELECT COUNT(*) FROM "users"[0m
  ↳ db/seeds.rb:4
  [1m[35m (0.5ms)[0m  [1m[34mSELECT COUNT(*) FROM "gossips"[0m
  ↳ db/seeds.rb:12
  [1m[36mUser Load (0.3ms)[0m  [1m[34mSELECT "users".* FROM "users"[0m
  ↳ db/seeds.rb:14
  [1m[35m (0.3ms)[0m  [1m[35mBEGIN[0m
  ↳ db/seeds.rb:13
  [1m[36mGossip Create (0.6ms)[0m  [1m[32mINSERT INTO "gossips" ("title", "content", "user_id", "created_at", "updated_at") VALUES ($1, $2, $3, $4, $5) RETURNING "id"[0m  [["title", "Mother Night"], ["content", "Do. Or do not. There is no try."], ["user_id", 8], ["created_at", "2022-08-02 19:42:19.130432"], ["updated_at", "2022-08-02 19:42:19.130432"]]
  ↳ db/seeds.rb:13
  [1m[35m (1.5ms)[0m  [1m[35mCOMMIT[0m
  ↳ db/seeds.rb:13
  [1m[35m (0.3ms)[0m  [1m[34mSELECT COUNT(*) FROM "gossips"[0m
  ↳ db/seeds.rb:12
  [1m[35m (0.2ms)[0m  [1m[35mBEGIN[0m
  ↳ db/seeds.rb:13
  [1m[35m (0.2ms)[0m  [1m[31mROLLBACK[0m
  ↳ db/seeds.rb:13
  [1m[35m (0.4ms)[0m  [1m[34mSELECT COUNT(*) FROM "gossips"[0m
  ↳ db/seeds.rb:12
  [1m[35m (0.2ms)[0m  [1m[35mBEGIN[0m
  ↳ db/seeds.rb:13
  [1m[35m (0.2ms)[0m  [1m[31mROLLBACK[0m
  ↳ db/seeds.rb:13
  [1m[35m (0.3ms)[0m  [1m[34mSELECT COUNT(*) FROM "gossips"[0m
  ↳ db/seeds.rb:12
  [1m[35m (0.2ms)[0m  [1m[35mBEGIN[0m
  ↳ db/seeds.rb:13
  [1m[35m (0.2ms)[0m  [1m[31mROLLBACK[0m
  ↳ db/seeds.rb:13
  [1m[35m (0.3ms)[0m  [1m[34mSELECT COUNT(*) FROM "gossips"[0m
  ↳ db/seeds.rb:12
  [1m[35m (0.2ms)[0m  [1m[35mBEGIN[0m
  ↳ db/seeds.rb:13
  [1m[35m (0.2ms)[0m  [1m[31mROLLBACK[0m
  ↳ db/seeds.rb:13
  [1m[35m (0.2ms)[0m  [1m[34mSELECT COUNT(*) FROM "gossips"[0m
  ↳ db/seeds.rb:12
  [1m[35m (0.2ms)[0m  [1m[35mBEGIN[0m
  ↳ db/seeds.rb:13
  [1m[35m (0.2ms)[0m  [1m[31mROLLBACK[0m
  ↳ db/seeds.rb:13
  [1m[35m (0.3ms)[0m  [1m[34mSELECT COUNT(*) FROM "gossips"[0m
  ↳ db/seeds.rb:12
  [1m[35m (0.2ms)[0m  [1m[35mBEGIN[0m
  ↳ db/seeds.rb:13
  [1m[35m (0.3ms)[0m  [1m[31mROLLBACK[0m
  ↳ db/seeds.rb:13
  [1m[35m (0.3ms)[0m  [1m[34mSELECT COUNT(*) FROM "gossips"[0m
  ↳ db/seeds.rb:12
  [1m[35m (0.3ms)[0m  [1m[35mBEGIN[0m
  ↳ db/seeds.rb:13
  [1m[35m (0.2ms)[0m  [1m[31mROLLBACK[0m
  ↳ db/seeds.rb:13
  [1m[35m (0.3ms)[0m  [1m[34mSELECT COUNT(*) FROM "gossips"[0m
  ↳ db/seeds.rb:12
  [1m[35m (0.2ms)[0m  [1m[35mBEGIN[0m
  ↳ db/seeds.rb:13
  [1m[35m (0.2ms)[0m  [1m[31mROLLBACK[0m
  ↳ db/seeds.rb:13
  [1m[35m (0.3ms)[0m  [1m[34mSELECT COUNT(*) FROM "gossips"[0m
  ↳ db/seeds.rb:12
  [1m[35m (0.1ms)[0m  [1m[35mBEGIN[0m
  ↳ db/seeds.rb:13
  [1m[35m (0.2ms)[0m  [1m[31mROLLBACK[0m
  ↳ db/seeds.rb:13
  [1m[35m (0.3ms)[0m  [1m[34mSELECT COUNT(*) FROM "gossips"[0m
  ↳ db/seeds.rb:12
  [1m[35m (0.2ms)[0m  [1m[35mBEGIN[0m
  ↳ db/seeds.rb:13
  [1m[36mGossip Create (0.3ms)[0m  [1m[32mINSERT INTO "gossips" ("title", "content", "user_id", "created_at", "updated_at") VALUES ($1, $2, $3, $4, $5) RETURNING "id"[0m  [["title", "East of Eden"], ["content", "Soon will I rest, yes, forever sleep. Earned it I have. Twilight is upon me, soon night must fall."], ["user_id", 13], ["created_at", "2022-08-02 19:42:19.156573"], ["updated_at", "2022-08-02 19:42:19.156573"]]
  ↳ db/seeds.rb:13
  [1m[35m (1.4ms)[0m  [1m[35mCOMMIT[0m
  ↳ db/seeds.rb:13
  [1m[35m (0.3ms)[0m  [1m[34mSELECT COUNT(*) FROM "gossips"[0m
  ↳ db/seeds.rb:12
  [1m[35m (0.2ms)[0m  [1m[35mBEGIN[0m
  ↳ db/seeds.rb:13
  [1m[35m (0.2ms)[0m  [1m[31mROLLBACK[0m
  ↳ db/seeds.rb:13
  [1m[35m (0.3ms)[0m  [1m[34mSELECT COUNT(*) FROM "gossips"[0m
  ↳ db/seeds.rb:12
  [1m[35m (0.2ms)[0m  [1m[35mBEGIN[0m
  ↳ db/seeds.rb:13
  [1m[35m (0.2ms)[0m  [1m[31mROLLBACK[0m
  ↳ db/seeds.rb:13
  [1m[35m (0.2ms)[0m  [1m[34mSELECT COUNT(*) FROM "gossips"[0m
  ↳ db/seeds.rb:12
  [1m[35m (0.2ms)[0m  [1m[35mBEGIN[0m
  ↳ db/seeds.rb:13
  [1m[35m (0.2ms)[0m  [1m[31mROLLBACK[0m
  ↳ db/seeds.rb:13
  [1m[35m (0.3ms)[0m  [1m[34mSELECT COUNT(*) FROM "gossips"[0m
  ↳ db/seeds.rb:12
  [1m[35m (0.2ms)[0m  [1m[35mBEGIN[0m
  ↳ db/seeds.rb:13
  [1m[35m (0.2ms)[0m  [1m[31mROLLBACK[0m
  ↳ db/seeds.rb:13
  [1m[35m (0.2ms)[0m  [1m[34mSELECT COUNT(*) FROM "gossips"[0m
  ↳ db/seeds.rb:12
  [1m[35m (0.2ms)[0m  [1m[35mBEGIN[0m
  ↳ db/seeds.rb:13
  [1m[35m (0.2ms)[0m  [1m[31mROLLBACK[0m
  ↳ db/seeds.rb:13
  [1m[35m (0.3ms)[0m  [1m[34mSELECT COUNT(*) FROM "gossips"[0m
  ↳ db/seeds.rb:12
  [1m[35m (0.2ms)[0m  [1m[35mBEGIN[0m
  ↳ db/seeds.rb:13
  [1m[35m (0.2ms)[0m  [1m[31mROLLBACK[0m
  ↳ db/seeds.rb:13
  [1m[35m (0.3ms)[0m  [1m[34mSELECT COUNT(*) FROM "gossips"[0m
  ↳ db/seeds.rb:12
  [1m[35m (0.2ms)[0m  [1m[35mBEGIN[0m
  ↳ db/seeds.rb:13
  [1m[35m (0.2ms)[0m  [1m[31mROLLBACK[0m
  ↳ db/seeds.rb:13
  [1m[35m (0.3ms)[0m  [1m[34mSELECT COUNT(*) FROM "gossips"[0m
  ↳ db/seeds.rb:12
  [1m[35m (0.2ms)[0m  [1m[35mBEGIN[0m
  ↳ db/seeds.rb:13
  [1m[36mGossip Create (0.3ms)[0m  [1m[32mINSERT INTO "gossips" ("title", "content", "user_id", "created_at", "updated_at") VALUES ($1, $2, $3, $4, $5) RETURNING "id"[0m  [["title", "Specimen Days"], ["content", "Already know you that which you need."], ["user_id", 30], ["created_at", "2022-08-02 19:42:19.175537"], ["updated_at", "2022-08-02 19:42:19.175537"]]
  ↳ db/seeds.rb:13
  [1m[35m (1.5ms)[0m  [1m[35mCOMMIT[0m
  ↳ db/seeds.rb:13
  [1m[35m (0.3ms)[0m  [1m[34mSELECT COUNT(*) FROM "gossips"[0m
  ↳ db/seeds.rb:12
  [1m[35m (0.2ms)[0m  [1m[35mBEGIN[0m
  ↳ db/seeds.rb:13
  [1m[36mGossip Create (0.3ms)[0m  [1m[32mINSERT INTO "gossips" ("title", "content", "user_id", "created_at", "updated_at") VALUES ($1, $2, $3, $4, $5) RETURNING "id"[0m  [["title", "Cover Her Face"], ["content", "Not if anything to say about it I have"], ["user_id", 1], ["created_at", "2022-08-02 19:42:19.179480"], ["updated_at", "2022-08-02 19:42:19.179480"]]
  ↳ db/seeds.rb:13
  [1m[35m (6.8ms)[0m  [1m[35mCOMMIT[0m
  ↳ db/seeds.rb:13
  [1m[35m (0.3ms)[0m  [1m[34mSELECT COUNT(*) FROM "gossips"[0m
  ↳ db/seeds.rb:12
  [1m[35m (0.2ms)[0m  [1m[35mBEGIN[0m
  ↳ db/seeds.rb:13
  [1m[35m (0.2ms)[0m  [1m[31mROLLBACK[0m
  ↳ db/seeds.rb:13
  [1m[35m (0.3ms)[0m  [1m[34mSELECT COUNT(*) FROM "gossips"[0m
  ↳ db/seeds.rb:12
  [1m[35m (0.3ms)[0m  [1m[35mBEGIN[0m
  ↳ db/seeds.rb:13
  [1m[35m (0.3ms)[0m  [1m[31mROLLBACK[0m
  ↳ db/seeds.rb:13
  [1m[35m (0.3ms)[0m  [1m[34mSELECT COUNT(*) FROM "gossips"[0m
  ↳ db/seeds.rb:12
  [1m[35m (0.2ms)[0m  [1m[35mBEGIN[0m
  ↳ db/seeds.rb:13
  [1m[35m (0.2ms)[0m  [1m[31mROLLBACK[0m
  ↳ db/seeds.rb:13
  [1m[35m (0.3ms)[0m  [1m[34mSELECT COUNT(*) FROM "gossips"[0m
  ↳ db/seeds.rb:12
  [1m[35m (0.2ms)[0m  [1m[35mBEGIN[0m
  ↳ db/seeds.rb:13
  [1m[35m (0.2ms)[0m  [1m[31mROLLBACK[0m
  ↳ db/seeds.rb:13
  [1m[35m (0.2ms)[0m  [1m[34mSELECT COUNT(*) FROM "gossips"[0m
  ↳ db/seeds.rb:12
  [1m[35m (0.3ms)[0m  [1m[35mBEGIN[0m
  ↳ db/seeds.rb:13
  [1m[35m (0.2ms)[0m  [1m[31mROLLBACK[0m
  ↳ db/seeds.rb:13
  [1m[35m (0.3ms)[0m  [1m[34mSELECT COUNT(*) FROM "gossips"[0m
  ↳ db/seeds.rb:12
  [1m[35m (0.2ms)[0m  [1m[35mBEGIN[0m
  ↳ db/seeds.rb:13
  [1m[35m (0.2ms)[0m  [1m[31mROLLBACK[0m
  ↳ db/seeds.rb:13
  [1m[35m (0.3ms)[0m  [1m[34mSELECT COUNT(*) FROM "gossips"[0m
  ↳ db/seeds.rb:12
  [1m[35m (0.1ms)[0m  [1m[35mBEGIN[0m
  ↳ db/seeds.rb:13
  [1m[35m (0.1ms)[0m  [1m[31mROLLBACK[0m
  ↳ db/seeds.rb:13
  [1m[35m (0.2ms)[0m  [1m[34mSELECT COUNT(*) FROM "gossips"[0m
  ↳ db/seeds.rb:12
  [1m[35m (0.1ms)[0m  [1m[35mBEGIN[0m
  ↳ db/seeds.rb:13
  [1m[35m (0.1ms)[0m  [1m[31mROLLBACK[0m
  ↳ db/seeds.rb:13
  [1m[35m (0.2ms)[0m  [1m[34mSELECT COUNT(*) FROM "gossips"[0m
  ↳ db/seeds.rb:12
  [1m[35m (0.1ms)[0m  [1m[35mBEGIN[0m
  ↳ db/seeds.rb:13
  [1m[35m (0.4ms)[0m  [1m[31mROLLBACK[0m
  ↳ db/seeds.rb:13
  [1m[35m (0.7ms)[0m  [1m[34mSELECT COUNT(*) FROM "gossips"[0m
  ↳ db/seeds.rb:12
  [1m[35m (0.3ms)[0m  [1m[35mBEGIN[0m
  ↳ db/seeds.rb:13
  [1m[35m (0.3ms)[0m  [1m[31mROLLBACK[0m
  ↳ db/seeds.rb:13
  [1m[35m (0.4ms)[0m  [1m[34mSELECT COUNT(*) FROM "gossips"[0m
  ↳ db/seeds.rb:12
  [1m[35m (0.3ms)[0m  [1m[35mBEGIN[0m
  ↳ db/seeds.rb:13
  [1m[35m (0.3ms)[0m  [1m[31mROLLBACK[0m
  ↳ db/seeds.rb:13
  [1m[35m (0.4ms)[0m  [1m[34mSELECT COUNT(*) FROM "gossips"[0m
  ↳ db/seeds.rb:12
  [1m[35m (0.3ms)[0m  [1m[35mBEGIN[0m
  ↳ db/seeds.rb:13
  [1m[35m (0.3ms)[0m  [1m[31mROLLBACK[0m
  ↳ db/seeds.rb:13
  [1m[35m (0.4ms)[0m  [1m[34mSELECT COUNT(*) FROM "gossips"[0m
  ↳ db/seeds.rb:12
  [1m[35m (0.3ms)[0m  [1m[35mBEGIN[0m
  ↳ db/seeds.rb:13
  [1m[36mGossip Create (0.4ms)[0m  [1m[32mINSERT INTO "gossips" ("title", "content", "user_id", "created_at", "updated_at") VALUES ($1, $2, $3, $4, $5) RETURNING "id"[0m  [["title", "Quo Vadis"], ["content", "You will find only what you bring in."], ["user_id", 44], ["created_at", "2022-08-02 19:42:19.224972"], ["updated_at", "2022-08-02 19:42:19.224972"]]
  ↳ db/seeds.rb:13
  [1m[35m (6.9ms)[0m  [1m[35mCOMMIT[0m
  ↳ db/seeds.rb:13
  [1m[35m (0.5ms)[0m  [1m[34mSELECT COUNT(*) FROM "gossips"[0m
  ↳ db/seeds.rb:12
  [1m[35m (0.3ms)[0m  [1m[35mBEGIN[0m
  ↳ db/seeds.rb:13
  [1m[35m (0.3ms)[0m  [1m[31mROLLBACK[0m
  ↳ db/seeds.rb:13
  [1m[35m (0.4ms)[0m  [1m[34mSELECT COUNT(*) FROM "gossips"[0m
  ↳ db/seeds.rb:12
  [1m[35m (0.2ms)[0m  [1m[35mBEGIN[0m
  ↳ db/seeds.rb:13
  [1m[35m (0.2ms)[0m  [1m[31mROLLBACK[0m
  ↳ db/seeds.rb:13
  [1m[35m (0.4ms)[0m  [1m[34mSELECT COUNT(*) FROM "gossips"[0m
  ↳ db/seeds.rb:12
  [1m[35m (0.2ms)[0m  [1m[35mBEGIN[0m
  ↳ db/seeds.rb:13
  [1m[35m (0.2ms)[0m  [1m[31mROLLBACK[0m
  ↳ db/seeds.rb:13
  [1m[35m (0.3ms)[0m  [1m[34mSELECT COUNT(*) FROM "gossips"[0m
  ↳ db/seeds.rb:12
  [1m[35m (0.2ms)[0m  [1m[35mBEGIN[0m
  ↳ db/seeds.rb:13
  [1m[36mGossip Create (0.3ms)[0m  [1m[32mINSERT INTO "gossips" ("title", "content", "user_id", "created_at", "updated_at") VALUES ($1, $2, $3, $4, $5) RETURNING "id"[0m  [["title", "Tiger! Tiger!"], ["content", "Around the survivors a perimeter create."], ["user_id", 41], ["created_at", "2022-08-02 19:42:19.246576"], ["updated_at", "2022-08-02 19:42:19.246576"]]
  ↳ db/seeds.rb:13
  [1m[35m (1.4ms)[0m  [1m[35mCOMMIT[0m
  ↳ db/seeds.rb:13
  [1m[35m (0.3ms)[0m  [1m[34mSELECT COUNT(*) FROM "gossips"[0m
  ↳ db/seeds.rb:12
  [1m[35m (0.2ms)[0m  [1m[35mBEGIN[0m
  ↳ db/seeds.rb:13
  [1m[35m (0.2ms)[0m  [1m[31mROLLBACK[0m
  ↳ db/seeds.rb:13
  [1m[35m (0.3ms)[0m  [1m[34mSELECT COUNT(*) FROM "gossips"[0m
  ↳ db/seeds.rb:12
  [1m[35m (0.2ms)[0m  [1m[35mBEGIN[0m
  ↳ db/seeds.rb:13
  [1m[35m (0.1ms)[0m  [1m[31mROLLBACK[0m
  ↳ db/seeds.rb:13
  [1m[35m (0.2ms)[0m  [1m[34mSELECT COUNT(*) FROM "gossips"[0m
  ↳ db/seeds.rb:12
  [1m[35m (0.1ms)[0m  [1m[35mBEGIN[0m
  ↳ db/seeds.rb:13
  [1m[35m (0.2ms)[0m  [1m[31mROLLBACK[0m
  ↳ db/seeds.rb:13
  [1m[35m (0.2ms)[0m  [1m[34mSELECT COUNT(*) FROM "gossips"[0m
  ↳ db/seeds.rb:12
  [1m[35m (0.1ms)[0m  [1m[35mBEGIN[0m
  ↳ db/seeds.rb:13
  [1m[35m (0.1ms)[0m  [1m[31mROLLBACK[0m
  ↳ db/seeds.rb:13
  [1m[35m (0.3ms)[0m  [1m[34mSELECT COUNT(*) FROM "gossips"[0m
  ↳ db/seeds.rb:12
  [1m[35m (0.2ms)[0m  [1m[35mBEGIN[0m
  ↳ db/seeds.rb:13
  [1m[35m (0.1ms)[0m  [1m[31mROLLBACK[0m
  ↳ db/seeds.rb:13
  [1m[35m (0.2ms)[0m  [1m[34mSELECT COUNT(*) FROM "gossips"[0m
  ↳ db/seeds.rb:12
  [1m[35m (0.1ms)[0m  [1m[35mBEGIN[0m
  ↳ db/seeds.rb:13
  [1m[35m (0.1ms)[0m  [1m[31mROLLBACK[0m
  ↳ db/seeds.rb:13
  [1m[35m (0.3ms)[0m  [1m[34mSELECT COUNT(*) FROM "gossips"[0m
  ↳ db/seeds.rb:12
  [1m[35m (0.1ms)[0m  [1m[35mBEGIN[0m
  ↳ db/seeds.rb:13
  [1m[35m (0.1ms)[0m  [1m[31mROLLBACK[0m
  ↳ db/seeds.rb:13
  [1m[35m (0.2ms)[0m  [1m[34mSELECT COUNT(*) FROM "gossips"[0m
  ↳ db/seeds.rb:12
  [1m[35m (0.2ms)[0m  [1m[35mBEGIN[0m
  ↳ db/seeds.rb:13
  [1m[35m (0.1ms)[0m  [1m[31mROLLBACK[0m
  ↳ db/seeds.rb:13
  [1m[35m (0.2ms)[0m  [1m[34mSELECT COUNT(*) FROM "gossips"[0m
  ↳ db/seeds.rb:12
  [1m[35m (0.1ms)[0m  [1m[35mBEGIN[0m
  ↳ db/seeds.rb:13
  [1m[35m (0.1ms)[0m  [1m[31mROLLBACK[0m
  ↳ db/seeds.rb:13
  [1m[35m (0.2ms)[0m  [1m[34mSELECT COUNT(*) FROM "gossips"[0m
  ↳ db/seeds.rb:12
  [1m[35m (0.1ms)[0m  [1m[35mBEGIN[0m
  ↳ db/seeds.rb:13
  [1m[35m (0.1ms)[0m  [1m[31mROLLBACK[0m
  ↳ db/seeds.rb:13
  [1m[35m (0.2ms)[0m  [1m[34mSELECT COUNT(*) FROM "gossips"[0m
  ↳ db/seeds.rb:12
  [1m[35m (0.1ms)[0m  [1m[35mBEGIN[0m
  ↳ db/seeds.rb:13
  [1m[35m (0.1ms)[0m  [1m[31mROLLBACK[0m
  ↳ db/seeds.rb:13
  [1m[35m (0.2ms)[0m  [1m[34mSELECT COUNT(*) FROM "gossips"[0m
  ↳ db/seeds.rb:12
  [1m[35m (0.1ms)[0m  [1m[35mBEGIN[0m
  ↳ db/seeds.rb:13
  [1m[35m (0.2ms)[0m  [1m[31mROLLBACK[0m
  ↳ db/seeds.rb:13
  [1m[35m (0.2ms)[0m  [1m[34mSELECT COUNT(*) FROM "gossips"[0m
  ↳ db/seeds.rb:12
  [1m[35m (0.1ms)[0m  [1m[35mBEGIN[0m
  ↳ db/seeds.rb:13
  [1m[35m (0.1ms)[0m  [1m[31mROLLBACK[0m
  ↳ db/seeds.rb:13
  [1m[35m (0.3ms)[0m  [1m[34mSELECT COUNT(*) FROM "gossips"[0m
  ↳ db/seeds.rb:12
  [1m[35m (0.1ms)[0m  [1m[35mBEGIN[0m
  ↳ db/seeds.rb:13
  [1m[35m (0.1ms)[0m  [1m[31mROLLBACK[0m
  ↳ db/seeds.rb:13
  [1m[35m (0.2ms)[0m  [1m[34mSELECT COUNT(*) FROM "gossips"[0m
  ↳ db/seeds.rb:12
  [1m[35m (0.1ms)[0m  [1m[35mBEGIN[0m
  ↳ db/seeds.rb:13
  [1m[35m (0.2ms)[0m  [1m[31mROLLBACK[0m
  ↳ db/seeds.rb:13
  [1m[35m (0.2ms)[0m  [1m[34mSELECT COUNT(*) FROM "gossips"[0m
  ↳ db/seeds.rb:12
  [1m[35m (0.1ms)[0m  [1m[35mBEGIN[0m
  ↳ db/seeds.rb:13
  [1m[35m (0.2ms)[0m  [1m[31mROLLBACK[0m
  ↳ db/seeds.rb:13
  [1m[35m (0.2ms)[0m  [1m[34mSELECT COUNT(*) FROM "gossips"[0m
  ↳ db/seeds.rb:12
  [1m[35m (0.2ms)[0m  [1m[35mBEGIN[0m
  ↳ db/seeds.rb:13
  [1m[35m (0.2ms)[0m  [1m[31mROLLBACK[0m
  ↳ db/seeds.rb:13
  [1m[35m (0.2ms)[0m  [1m[34mSELECT COUNT(*) FROM "gossips"[0m
  ↳ db/seeds.rb:12
  [1m[35m (0.1ms)[0m  [1m[35mBEGIN[0m
  ↳ db/seeds.rb:13
  [1m[35m (0.2ms)[0m  [1m[31mROLLBACK[0m
  ↳ db/seeds.rb:13
  [1m[35m (0.2ms)[0m  [1m[34mSELECT COUNT(*) FROM "gossips"[0m
  ↳ db/seeds.rb:12
  [1m[35m (0.1ms)[0m  [1m[35mBEGIN[0m
  ↳ db/seeds.rb:13
  [1m[35m (0.1ms)[0m  [1m[31mROLLBACK[0m
  ↳ db/seeds.rb:13
  [1m[35m (0.2ms)[0m  [1m[34mSELECT COUNT(*) FROM "gossips"[0m
  ↳ db/seeds.rb:12
  [1m[35m (0.1ms)[0m  [1m[35mBEGIN[0m
  ↳ db/seeds.rb:13
  [1m[35m (0.1ms)[0m  [1m[31mROLLBACK[0m
  ↳ db/seeds.rb:13
  [1m[35m (0.2ms)[0m  [1m[34mSELECT COUNT(*) FROM "gossips"[0m
  ↳ db/seeds.rb:12
  [1m[35m (0.1ms)[0m  [1m[35mBEGIN[0m
  ↳ db/seeds.rb:13
  [1m[35m (0.1ms)[0m  [1m[31mROLLBACK[0m
  ↳ db/seeds.rb:13
  [1m[35m (0.3ms)[0m  [1m[34mSELECT COUNT(*) FROM "gossips"[0m
  ↳ db/seeds.rb:12
  [1m[35m (0.1ms)[0m  [1m[35mBEGIN[0m
  ↳ db/seeds.rb:13
  [1m[36mGossip Create (0.2ms)[0m  [1m[32mINSERT INTO "gossips" ("title", "content", "user_id", "created_at", "updated_at") VALUES ($1, $2, $3, $4, $5) RETURNING "id"[0m  [["title", "No Highway"], ["content", "Much to learn you still have my old padawan. ... This is just the beginning!"], ["user_id", 30], ["created_at", "2022-08-02 19:42:19.290591"], ["updated_at", "2022-08-02 19:42:19.290591"]]
  ↳ db/seeds.rb:13
  [1m[35m (1.5ms)[0m  [1m[35mCOMMIT[0m
  ↳ db/seeds.rb:13
  [1m[35m (0.3ms)[0m  [1m[34mSELECT COUNT(*) FROM "gossips"[0m
  ↳ db/seeds.rb:12
  [1m[35m (0.2ms)[0m  [1m[35mBEGIN[0m
  ↳ db/seeds.rb:13
  [1m[35m (0.2ms)[0m  [1m[31mROLLBACK[0m
  ↳ db/seeds.rb:13
  [1m[35m (0.2ms)[0m  [1m[34mSELECT COUNT(*) FROM "gossips"[0m
  ↳ db/seeds.rb:12
  [1m[35m (0.2ms)[0m  [1m[35mBEGIN[0m
  ↳ db/seeds.rb:13
  [1m[35m (0.1ms)[0m  [1m[31mROLLBACK[0m
  ↳ db/seeds.rb:13
  [1m[35m (0.2ms)[0m  [1m[34mSELECT COUNT(*) FROM "gossips"[0m
  ↳ db/seeds.rb:12
  [1m[35m (0.1ms)[0m  [1m[35mBEGIN[0m
  ↳ db/seeds.rb:13
  [1m[35m (0.1ms)[0m  [1m[31mROLLBACK[0m
  ↳ db/seeds.rb:13
  [1m[35m (0.2ms)[0m  [1m[34mSELECT COUNT(*) FROM "gossips"[0m
  ↳ db/seeds.rb:12
  [1m[35m (0.1ms)[0m  [1m[35mBEGIN[0m
  ↳ db/seeds.rb:13
  [1m[35m (0.2ms)[0m  [1m[31mROLLBACK[0m
  ↳ db/seeds.rb:13
  [1m[35m (0.3ms)[0m  [1m[34mSELECT COUNT(*) FROM "gossips"[0m
  ↳ db/seeds.rb:12
  [1m[35m (0.1ms)[0m  [1m[35mBEGIN[0m
  ↳ db/seeds.rb:13
  [1m[36mGossip Create (0.3ms)[0m  [1m[32mINSERT INTO "gossips" ("title", "content", "user_id", "created_at", "updated_at") VALUES ($1, $2, $3, $4, $5) RETURNING "id"[0m  [["title", "Jesting Pilate"], ["content", "Always two there are, no more, no less. A master and an apprentice."], ["user_id", 40], ["created_at", "2022-08-02 19:42:19.303190"], ["updated_at", "2022-08-02 19:42:19.303190"]]
  ↳ db/seeds.rb:13
  [1m[35m (1.1ms)[0m  [1m[35mCOMMIT[0m
  ↳ db/seeds.rb:13
  [1m[35m (0.2ms)[0m  [1m[34mSELECT COUNT(*) FROM "gossips"[0m
  ↳ db/seeds.rb:12
  [1m[35m (0.1ms)[0m  [1m[35mBEGIN[0m
  ↳ db/seeds.rb:13
  [1m[35m (0.1ms)[0m  [1m[31mROLLBACK[0m
  ↳ db/seeds.rb:13
  [1m[35m (0.2ms)[0m  [1m[34mSELECT COUNT(*) FROM "gossips"[0m
  ↳ db/seeds.rb:12
  [1m[35m (0.1ms)[0m  [1m[35mBEGIN[0m
  ↳ db/seeds.rb:13
  [1m[35m (0.1ms)[0m  [1m[31mROLLBACK[0m
  ↳ db/seeds.rb:13
  [1m[35m (0.3ms)[0m  [1m[34mSELECT COUNT(*) FROM "gossips"[0m
  ↳ db/seeds.rb:12
  [1m[35m (0.1ms)[0m  [1m[35mBEGIN[0m
  ↳ db/seeds.rb:13
  [1m[35m (0.2ms)[0m  [1m[31mROLLBACK[0m
  ↳ db/seeds.rb:13
  [1m[35m (0.3ms)[0m  [1m[34mSELECT COUNT(*) FROM "gossips"[0m
  ↳ db/seeds.rb:12
  [1m[35m (0.2ms)[0m  [1m[35mBEGIN[0m
  ↳ db/seeds.rb:13
  [1m[35m (0.2ms)[0m  [1m[31mROLLBACK[0m
  ↳ db/seeds.rb:13
  [1m[35m (0.3ms)[0m  [1m[34mSELECT COUNT(*) FROM "gossips"[0m
  ↳ db/seeds.rb:12
  [1m[35m (0.2ms)[0m  [1m[35mBEGIN[0m
  ↳ db/seeds.rb:13
  [1m[35m (0.2ms)[0m  [1m[31mROLLBACK[0m
  ↳ db/seeds.rb:13
  [1m[35m (0.2ms)[0m  [1m[34mSELECT COUNT(*) FROM "gossips"[0m
  ↳ db/seeds.rb:12
  [1m[35m (0.1ms)[0m  [1m[35mBEGIN[0m
  ↳ db/seeds.rb:13
  [1m[36mGossip Create (0.2ms)[0m  [1m[32mINSERT INTO "gossips" ("title", "content", "user_id", "created_at", "updated_at") VALUES ($1, $2, $3, $4, $5) RETURNING "id"[0m  [["title", "Precious Bane"], ["content", "Luminous beings are we - not this crude matter."], ["user_id", 39], ["created_at", "2022-08-02 19:42:19.316786"], ["updated_at", "2022-08-02 19:42:19.316786"]]
  ↳ db/seeds.rb:13
  [1m[35m (1.1ms)[0m  [1m[35mCOMMIT[0m
  ↳ db/seeds.rb:13
  [1m[35m (0.3ms)[0m  [1m[34mSELECT COUNT(*) FROM "gossips"[0m
  ↳ db/seeds.rb:12
  [1m[35m (0.1ms)[0m  [1m[35mBEGIN[0m
  ↳ db/seeds.rb:13
  [1m[35m (0.2ms)[0m  [1m[31mROLLBACK[0m
  ↳ db/seeds.rb:13
  [1m[35m (0.2ms)[0m  [1m[34mSELECT COUNT(*) FROM "gossips"[0m
  ↳ db/seeds.rb:12
  [1m[35m (0.2ms)[0m  [1m[35mBEGIN[0m
  ↳ db/seeds.rb:13
  [1m[36mGossip Create (0.2ms)[0m  [1m[32mINSERT INTO "gossips" ("title", "content", "user_id", "created_at", "updated_at") VALUES ($1, $2, $3, $4, $5) RETURNING "id"[0m  [["title", "The Waste Land"], ["content", "Around the survivors a perimeter create."], ["user_id", 18], ["created_at", "2022-08-02 19:42:19.323095"], ["updated_at", "2022-08-02 19:42:19.323095"]]
  ↳ db/seeds.rb:13
  [1m[35m (1.1ms)[0m  [1m[35mCOMMIT[0m
  ↳ db/seeds.rb:13
  [1m[35m (0.3ms)[0m  [1m[34mSELECT COUNT(*) FROM "gossips"[0m
  ↳ db/seeds.rb:12
  [1m[35m (0.5ms)[0m  [1m[34mSELECT COUNT(*) FROM "comments"[0m
  ↳ db/seeds.rb:21
  [1m[36mGossip Load (0.2ms)[0m  [1m[34mSELECT "gossips".* FROM "gossips"[0m
  ↳ db/seeds.rb:24
  [1m[35m (0.2ms)[0m  [1m[35mBEGIN[0m
  ↳ db/seeds.rb:22
  [1m[36mComment Create (0.4ms)[0m  [1m[32mINSERT INTO "comments" ("content", "user_id", "gossip_id", "created_at", "updated_at") VALUES ($1, $2, $3, $4, $5) RETURNING "id"[0m  [["content", "Clear your mind must be, if you are to find the villains behind this plot."], ["user_id", 41], ["gossip_id", 9], ["created_at", "2022-08-02 19:42:19.335431"], ["updated_at", "2022-08-02 19:42:19.335431"]]
  ↳ db/seeds.rb:22
  [1m[35m (1.4ms)[0m  [1m[35mCOMMIT[0m
  ↳ db/seeds.rb:22
  [1m[35m (0.2ms)[0m  [1m[34mSELECT COUNT(*) FROM "comments"[0m
  ↳ db/seeds.rb:21
  [1m[35m (0.2ms)[0m  [1m[35mBEGIN[0m
  ↳ db/seeds.rb:22
  [1m[36mComment Create (0.3ms)[0m  [1m[32mINSERT INTO "comments" ("content", "user_id", "gossip_id", "created_at", "updated_at") VALUES ($1, $2, $3, $4, $5) RETURNING "id"[0m  [["content", "To answer power with power, the Jedi way this is"], ["user_id", 37], ["gossip_id", 8], ["created_at", "2022-08-02 19:42:19.339720"], ["updated_at", "2022-08-02 19:42:19.339720"]]
  ↳ db/seeds.rb:22
  [1m[35m (1.3ms)[0m  [1m[35mCOMMIT[0m
  ↳ db/seeds.rb:22
  [1m[35m (0.3ms)[0m  [1m[34mSELECT COUNT(*) FROM "comments"[0m
  ↳ db/seeds.rb:21
  [1m[35m (0.1ms)[0m  [1m[35mBEGIN[0m
  ↳ db/seeds.rb:22
  [1m[36mComment Create (0.2ms)[0m  [1m[32mINSERT INTO "comments" ("content", "user_id", "gossip_id", "created_at", "updated_at") VALUES ($1, $2, $3, $4, $5) RETURNING "id"[0m  [["content", "Truly wonderful, the mind of a child is."], ["user_id", 37], ["gossip_id", 10], ["created_at", "2022-08-02 19:42:19.343760"], ["updated_at", "2022-08-02 19:42:19.343760"]]
  ↳ db/seeds.rb:22
  [1m[35m (1.1ms)[0m  [1m[35mCOMMIT[0m
  ↳ db/seeds.rb:22
  [1m[35m (0.2ms)[0m  [1m[34mSELECT COUNT(*) FROM "comments"[0m
  ↳ db/seeds.rb:21
  [1m[35m (0.1ms)[0m  [1m[35mBEGIN[0m
  ↳ db/seeds.rb:22
  [1m[36mComment Create (0.3ms)[0m  [1m[32mINSERT INTO "comments" ("content", "user_id", "gossip_id", "created_at", "updated_at") VALUES ($1, $2, $3, $4, $5) RETURNING "id"[0m  [["content", "Around the survivors a perimeter create."], ["user_id", 2], ["gossip_id", 5], ["created_at", "2022-08-02 19:42:19.347224"], ["updated_at", "2022-08-02 19:42:19.347224"]]
  ↳ db/seeds.rb:22
  [1m[35m (6.1ms)[0m  [1m[35mCOMMIT[0m
  ↳ db/seeds.rb:22
  [1m[35m (0.3ms)[0m  [1m[34mSELECT COUNT(*) FROM "comments"[0m
  ↳ db/seeds.rb:21
  [1m[35m (0.1ms)[0m  [1m[35mBEGIN[0m
  ↳ db/seeds.rb:22
  [1m[36mComment Create (0.2ms)[0m  [1m[32mINSERT INTO "comments" ("content", "user_id", "gossip_id", "created_at", "updated_at") VALUES ($1, $2, $3, $4, $5) RETURNING "id"[0m  [["content", "Good relations with the Wookiees, I have."], ["user_id", 41], ["gossip_id", 9], ["created_at", "2022-08-02 19:42:19.355754"], ["updated_at", "2022-08-02 19:42:19.355754"]]
  ↳ db/seeds.rb:22
  [1m[35m (6.5ms)[0m  [1m[35mCOMMIT[0m
  ↳ db/seeds.rb:22
  [1m[35m (0.6ms)[0m  [1m[34mSELECT COUNT(*) FROM "comments"[0m
  ↳ db/seeds.rb:21
  [1m[35m (0.3ms)[0m  [1m[35mBEGIN[0m
  ↳ db/seeds.rb:22
  [1m[36mComment Create (0.5ms)[0m  [1m[32mINSERT INTO "comments" ("content", "user_id", "gossip_id", "created_at", "updated_at") VALUES ($1, $2, $3, $4, $5) RETURNING "id"[0m  [["content", "Adventure. Excitement. A Jedi craves not these things."], ["user_id", 43], ["gossip_id", 5], ["created_at", "2022-08-02 19:42:19.366125"], ["updated_at", "2022-08-02 19:42:19.366125"]]
  ↳ db/seeds.rb:22
  [1m[35m (6.7ms)[0m  [1m[35mCOMMIT[0m
  ↳ db/seeds.rb:22
  [1m[35m (0.5ms)[0m  [1m[34mSELECT COUNT(*) FROM "comments"[0m
  ↳ db/seeds.rb:21
  [1m[35m (0.3ms)[0m  [1m[35mBEGIN[0m
  ↳ db/seeds.rb:22
  [1m[36mComment Create (0.4ms)[0m  [1m[32mINSERT INTO "comments" ("content", "user_id", "gossip_id", "created_at", "updated_at") VALUES ($1, $2, $3, $4, $5) RETURNING "id"[0m  [["content", "Not if anything to say about it I have"], ["user_id", 24], ["gossip_id", 6], ["created_at", "2022-08-02 19:42:19.377009"], ["updated_at", "2022-08-02 19:42:19.377009"]]
  ↳ db/seeds.rb:22
  [1m[35m (6.6ms)[0m  [1m[35mCOMMIT[0m
  ↳ db/seeds.rb:22
  [1m[35m (0.4ms)[0m  [1m[34mSELECT COUNT(*) FROM "comments"[0m
  ↳ db/seeds.rb:21
  [1m[35m (0.2ms)[0m  [1m[35mBEGIN[0m
  ↳ db/seeds.rb:22
  [1m[36mComment Create (0.4ms)[0m  [1m[32mINSERT INTO "comments" ("content", "user_id", "gossip_id", "created_at", "updated_at") VALUES ($1, $2, $3, $4, $5) RETURNING "id"[0m  [["content", "Not if anything to say about it I have"], ["user_id", 27], ["gossip_id", 4], ["created_at", "2022-08-02 19:42:19.386833"], ["updated_at", "2022-08-02 19:42:19.386833"]]
  ↳ db/seeds.rb:22
  [1m[35m (1.6ms)[0m  [1m[35mCOMMIT[0m
  ↳ db/seeds.rb:22
  [1m[35m (0.4ms)[0m  [1m[34mSELECT COUNT(*) FROM "comments"[0m
  ↳ db/seeds.rb:21
  [1m[35m (0.2ms)[0m  [1m[35mBEGIN[0m
  ↳ db/seeds.rb:22
  [1m[36mComment Create (0.3ms)[0m  [1m[32mINSERT INTO "comments" ("content", "user_id", "gossip_id", "created_at", "updated_at") VALUES ($1, $2, $3, $4, $5) RETURNING "id"[0m  [["content", "Soon will I rest, yes, forever sleep. Earned it I have. Twilight is upon me, soon night must fall."], ["user_id", 1], ["gossip_id", 5], ["created_at", "2022-08-02 19:42:19.391425"], ["updated_at", "2022-08-02 19:42:19.391425"]]
  ↳ db/seeds.rb:22
  [1m[35m (1.1ms)[0m  [1m[35mCOMMIT[0m
  ↳ db/seeds.rb:22
  [1m[35m (0.3ms)[0m  [1m[34mSELECT COUNT(*) FROM "comments"[0m
  ↳ db/seeds.rb:21
  [1m[35m (0.2ms)[0m  [1m[35mBEGIN[0m
  ↳ db/seeds.rb:22
  [1m[36mComment Create (0.3ms)[0m  [1m[32mINSERT INTO "comments" ("content", "user_id", "gossip_id", "created_at", "updated_at") VALUES ($1, $2, $3, $4, $5) RETURNING "id"[0m  [["content", "Truly wonderful, the mind of a child is."], ["user_id", 14], ["gossip_id", 1], ["created_at", "2022-08-02 19:42:19.395369"], ["updated_at", "2022-08-02 19:42:19.395369"]]
  ↳ db/seeds.rb:22
  [1m[35m (1.2ms)[0m  [1m[35mCOMMIT[0m
  ↳ db/seeds.rb:22
  [1m[35m (0.3ms)[0m  [1m[34mSELECT COUNT(*) FROM "comments"[0m
  ↳ db/seeds.rb:21
  [1m[35m (0.1ms)[0m  [1m[35mBEGIN[0m
  ↳ db/seeds.rb:22
  [1m[36mComment Create (0.3ms)[0m  [1m[32mINSERT INTO "comments" ("content", "user_id", "gossip_id", "created_at", "updated_at") VALUES ($1, $2, $3, $4, $5) RETURNING "id"[0m  [["content", "Reckless he is. Matters are worse."], ["user_id", 8], ["gossip_id", 2], ["created_at", "2022-08-02 19:42:19.399042"], ["updated_at", "2022-08-02 19:42:19.399042"]]
  ↳ db/seeds.rb:22
  [1m[35m (1.3ms)[0m  [1m[35mCOMMIT[0m
  ↳ db/seeds.rb:22
  [1m[35m (0.3ms)[0m  [1m[34mSELECT COUNT(*) FROM "comments"[0m
  ↳ db/seeds.rb:21
  [1m[35m (0.1ms)[0m  [1m[35mBEGIN[0m
  ↳ db/seeds.rb:22
  [1m[36mComment Create (0.3ms)[0m  [1m[32mINSERT INTO "comments" ("content", "user_id", "gossip_id", "created_at", "updated_at") VALUES ($1, $2, $3, $4, $5) RETURNING "id"[0m  [["content", "You will find only what you bring in."], ["user_id", 37], ["gossip_id", 4], ["created_at", "2022-08-02 19:42:19.402701"], ["updated_at", "2022-08-02 19:42:19.402701"]]
  ↳ db/seeds.rb:22
  [1m[35m (1.1ms)[0m  [1m[35mCOMMIT[0m
  ↳ db/seeds.rb:22
  [1m[35m (0.2ms)[0m  [1m[34mSELECT COUNT(*) FROM "comments"[0m
  ↳ db/seeds.rb:21
  [1m[35m (0.1ms)[0m  [1m[35mBEGIN[0m
  ↳ db/seeds.rb:22
  [1m[36mComment Create (0.2ms)[0m  [1m[32mINSERT INTO "comments" ("content", "user_id", "gossip_id", "created_at", "updated_at") VALUES ($1, $2, $3, $4, $5) RETURNING "id"[0m  [["content", "Around the survivors a perimeter create."], ["user_id", 5], ["gossip_id", 6], ["created_at", "2022-08-02 19:42:19.406422"], ["updated_at", "2022-08-02 19:42:19.406422"]]
  ↳ db/seeds.rb:22
  [1m[35m (1.1ms)[0m  [1m[35mCOMMIT[0m
  ↳ db/seeds.rb:22
  [1m[35m (0.3ms)[0m  [1m[34mSELECT COUNT(*) FROM "comments"[0m
  ↳ db/seeds.rb:21
  [1m[35m (0.1ms)[0m  [1m[35mBEGIN[0m
  ↳ db/seeds.rb:22
  [1m[36mComment Create (0.3ms)[0m  [1m[32mINSERT INTO "comments" ("content", "user_id", "gossip_id", "created_at", "updated_at") VALUES ($1, $2, $3, $4, $5) RETURNING "id"[0m  [["content", "Through the Force, things you will see. Other places. The future - the past. Old friends long gone."], ["user_id", 44], ["gossip_id", 8], ["created_at", "2022-08-02 19:42:19.410189"], ["updated_at", "2022-08-02 19:42:19.410189"]]
  ↳ db/seeds.rb:22
  [1m[35m (1.0ms)[0m  [1m[35mCOMMIT[0m
  ↳ db/seeds.rb:22
  [1m[35m (0.3ms)[0m  [1m[34mSELECT COUNT(*) FROM "comments"[0m
  ↳ db/seeds.rb:21
  [1m[35m (0.2ms)[0m  [1m[35mBEGIN[0m
  ↳ db/seeds.rb:22
  [1m[36mComment Create (0.3ms)[0m  [1m[32mINSERT INTO "comments" ("content", "user_id", "gossip_id", "created_at", "updated_at") VALUES ($1, $2, $3, $4, $5) RETURNING "id"[0m  [["content", "Ready are you? What know you of ready? For eight hundred years have I trained Jedi. My own counsel will I keep on who is to be trained. A Jedi must have the deepest commitment, the most serious mind. This one a long time have I watched. All his life has he looked away - to the future, to the horizon. Never his mind on where he was. Hmm? What he was doing. Hmph. Adventure. Heh. Excitement. Heh. A Jedi craves not these things. You are reckless."], ["user_id", 26], ["gossip_id", 10], ["created_at", "2022-08-02 19:42:19.413851"], ["updated_at", "2022-08-02 19:42:19.413851"]]
  ↳ db/seeds.rb:22
  [1m[35m (1.0ms)[0m  [1m[35mCOMMIT[0m
  ↳ db/seeds.rb:22
  [1m[35m (0.2ms)[0m  [1m[34mSELECT COUNT(*) FROM "comments"[0m
  ↳ db/seeds.rb:21
  [1m[35m (0.1ms)[0m  [1m[35mBEGIN[0m
  ↳ db/seeds.rb:22
  [1m[36mComment Create (0.2ms)[0m  [1m[32mINSERT INTO "comments" ("content", "user_id", "gossip_id", "created_at", "updated_at") VALUES ($1, $2, $3, $4, $5) RETURNING "id"[0m  [["content", "Soon will I rest, yes, forever sleep. Earned it I have. Twilight is upon me, soon night must fall."], ["user_id", 50], ["gossip_id", 7], ["created_at", "2022-08-02 19:42:19.417253"], ["updated_at", "2022-08-02 19:42:19.417253"]]
  ↳ db/seeds.rb:22
  [1m[35m (6.2ms)[0m  [1m[35mCOMMIT[0m
  ↳ db/seeds.rb:22
  [1m[35m (0.3ms)[0m  [1m[34mSELECT COUNT(*) FROM "comments"[0m
  ↳ db/seeds.rb:21
  [1m[35m (0.1ms)[0m  [1m[35mBEGIN[0m
  ↳ db/seeds.rb:22
  [1m[36mComment Create (0.3ms)[0m  [1m[32mINSERT INTO "comments" ("content", "user_id", "gossip_id", "created_at", "updated_at") VALUES ($1, $2, $3, $4, $5) RETURNING "id"[0m  [["content", "At an end your rule is, and not short enough it was!"], ["user_id", 39], ["gossip_id", 4], ["created_at", "2022-08-02 19:42:19.425973"], ["updated_at", "2022-08-02 19:42:19.425973"]]
  ↳ db/seeds.rb:22
  [1m[35m (6.4ms)[0m  [1m[35mCOMMIT[0m
  ↳ db/seeds.rb:22
  [1m[35m (0.7ms)[0m  [1m[34mSELECT COUNT(*) FROM "comments"[0m
  ↳ db/seeds.rb:21
  [1m[35m (0.4ms)[0m  [1m[35mBEGIN[0m
  ↳ db/seeds.rb:22
  [1m[36mComment Create (0.6ms)[0m  [1m[32mINSERT INTO "comments" ("content", "user_id", "gossip_id", "created_at", "updated_at") VALUES ($1, $2, $3, $4, $5) RETURNING "id"[0m  [["content", "That is why you fail."], ["user_id", 32], ["gossip_id", 7], ["created_at", "2022-08-02 19:42:19.437010"], ["updated_at", "2022-08-02 19:42:19.437010"]]
  ↳ db/seeds.rb:22
  [1m[35m (6.7ms)[0m  [1m[35mCOMMIT[0m
  ↳ db/seeds.rb:22
  [1m[35m (0.5ms)[0m  [1m[34mSELECT COUNT(*) FROM "comments"[0m
  ↳ db/seeds.rb:21
  [1m[35m (0.3ms)[0m  [1m[35mBEGIN[0m
  ↳ db/seeds.rb:22
  [1m[36mComment Create (0.4ms)[0m  [1m[32mINSERT INTO "comments" ("content", "user_id", "gossip_id", "created_at", "updated_at") VALUES ($1, $2, $3, $4, $5) RETURNING "id"[0m  [["content", "Clear your mind must be, if you are to find the villains behind this plot."], ["user_id", 8], ["gossip_id", 10], ["created_at", "2022-08-02 19:42:19.448084"], ["updated_at", "2022-08-02 19:42:19.448084"]]
  ↳ db/seeds.rb:22
  [1m[35m (6.6ms)[0m  [1m[35mCOMMIT[0m
  ↳ db/seeds.rb:22
  [1m[35m (0.4ms)[0m  [1m[34mSELECT COUNT(*) FROM "comments"[0m
  ↳ db/seeds.rb:21
  [1m[35m (0.2ms)[0m  [1m[35mBEGIN[0m
  ↳ db/seeds.rb:22
  [1m[36mComment Create (0.4ms)[0m  [1m[32mINSERT INTO "comments" ("content", "user_id", "gossip_id", "created_at", "updated_at") VALUES ($1, $2, $3, $4, $5) RETURNING "id"[0m  [["content", "Do not assume anything Obi-Wan. Clear your mind must be if you are to discover the real villains behind this plot."], ["user_id", 3], ["gossip_id", 7], ["created_at", "2022-08-02 19:42:19.457922"], ["updated_at", "2022-08-02 19:42:19.457922"]]
  ↳ db/seeds.rb:22
  [1m[35m (1.3ms)[0m  [1m[35mCOMMIT[0m
  ↳ db/seeds.rb:22
  [1m[35m (0.3ms)[0m  [1m[34mSELECT COUNT(*) FROM "comments"[0m
  ↳ db/seeds.rb:21
  [1m[35m (0.2ms)[0m  [1m[35mBEGIN[0m
  ↳ db/seeds.rb:22
  [1m[36mComment Create (0.4ms)[0m  [1m[32mINSERT INTO "comments" ("content", "user_id", "gossip_id", "created_at", "updated_at") VALUES ($1, $2, $3, $4, $5) RETURNING "id"[0m  [["content", "Through the Force, things you will see. Other places. The future - the past. Old friends long gone."], ["user_id", 50], ["gossip_id", 1], ["created_at", "2022-08-02 19:42:19.462639"], ["updated_at", "2022-08-02 19:42:19.462639"]]
  ↳ db/seeds.rb:22
  [1m[35m (1.5ms)[0m  [1m[35mCOMMIT[0m
  ↳ db/seeds.rb:22
  [1m[35m (0.3ms)[0m  [1m[34mSELECT COUNT(*) FROM "comments"[0m
  ↳ db/seeds.rb:21
  [1m[35m (0.2ms)[0m  [1m[35mBEGIN[0m
  ↳ db/seeds.rb:22
  [1m[36mComment Create (0.3ms)[0m  [1m[32mINSERT INTO "comments" ("content", "user_id", "gossip_id", "created_at", "updated_at") VALUES ($1, $2, $3, $4, $5) RETURNING "id"[0m  [["content", "Adventure. Excitement. A Jedi craves not these things."], ["user_id", 20], ["gossip_id", 5], ["created_at", "2022-08-02 19:42:19.467175"], ["updated_at", "2022-08-02 19:42:19.467175"]]
  ↳ db/seeds.rb:22
  [1m[35m (1.4ms)[0m  [1m[35mCOMMIT[0m
  ↳ db/seeds.rb:22
  [1m[35m (0.3ms)[0m  [1m[34mSELECT COUNT(*) FROM "comments"[0m
  ↳ db/seeds.rb:21
  [1m[35m (0.2ms)[0m  [1m[35mBEGIN[0m
  ↳ db/seeds.rb:22
  [1m[36mComment Create (0.3ms)[0m  [1m[32mINSERT INTO "comments" ("content", "user_id", "gossip_id", "created_at", "updated_at") VALUES ($1, $2, $3, $4, $5) RETURNING "id"[0m  [["content", "Difficult to see. Always in motion is the future..."], ["user_id", 41], ["gossip_id", 3], ["created_at", "2022-08-02 19:42:19.471284"], ["updated_at", "2022-08-02 19:42:19.471284"]]
  ↳ db/seeds.rb:22
  [1m[35m (1.2ms)[0m  [1m[35mCOMMIT[0m
  ↳ db/seeds.rb:22
  [1m[35m (0.3ms)[0m  [1m[34mSELECT COUNT(*) FROM "comments"[0m
  ↳ db/seeds.rb:21
  [1m[35m (0.1ms)[0m  [1m[35mBEGIN[0m
  ↳ db/seeds.rb:22
  [1m[36mComment Create (0.3ms)[0m  [1m[32mINSERT INTO "comments" ("content", "user_id", "gossip_id", "created_at", "updated_at") VALUES ($1, $2, $3, $4, $5) RETURNING "id"[0m  [["content", "That is why you fail."], ["user_id", 18], ["gossip_id", 1], ["created_at", "2022-08-02 19:42:19.475053"], ["updated_at", "2022-08-02 19:42:19.475053"]]
  ↳ db/seeds.rb:22
  [1m[35m (1.0ms)[0m  [1m[35mCOMMIT[0m
  ↳ db/seeds.rb:22
  [1m[35m (0.2ms)[0m  [1m[34mSELECT COUNT(*) FROM "comments"[0m
  ↳ db/seeds.rb:21
  [1m[35m (0.1ms)[0m  [1m[35mBEGIN[0m
  ↳ db/seeds.rb:22
  [1m[36mComment Create (0.3ms)[0m  [1m[32mINSERT INTO "comments" ("content", "user_id", "gossip_id", "created_at", "updated_at") VALUES ($1, $2, $3, $4, $5) RETURNING "id"[0m  [["content", "Hmm. In the end, cowards are those who follow the dark side."], ["user_id", 19], ["gossip_id", 5], ["created_at", "2022-08-02 19:42:19.478324"], ["updated_at", "2022-08-02 19:42:19.478324"]]
  ↳ db/seeds.rb:22
  [1m[35m (1.3ms)[0m  [1m[35mCOMMIT[0m
  ↳ db/seeds.rb:22
  [1m[35m (0.2ms)[0m  [1m[34mSELECT COUNT(*) FROM "comments"[0m
  ↳ db/seeds.rb:21
  [1m[35m (0.1ms)[0m  [1m[35mBEGIN[0m
  ↳ db/seeds.rb:22
  [1m[36mComment Create (0.3ms)[0m  [1m[32mINSERT INTO "comments" ("content", "user_id", "gossip_id", "created_at", "updated_at") VALUES ($1, $2, $3, $4, $5) RETURNING "id"[0m  [["content", "Truly wonderful, the mind of a child is."], ["user_id", 2], ["gossip_id", 4], ["created_at", "2022-08-02 19:42:19.482198"], ["updated_at", "2022-08-02 19:42:19.482198"]]
  ↳ db/seeds.rb:22
  [1m[35m (1.2ms)[0m  [1m[35mCOMMIT[0m
  ↳ db/seeds.rb:22
  [1m[35m (0.2ms)[0m  [1m[34mSELECT COUNT(*) FROM "comments"[0m
  ↳ db/seeds.rb:21
  [1m[35m (0.1ms)[0m  [1m[35mBEGIN[0m
  ↳ db/seeds.rb:22
  [1m[36mComment Create (0.2ms)[0m  [1m[32mINSERT INTO "comments" ("content", "user_id", "gossip_id", "created_at", "updated_at") VALUES ($1, $2, $3, $4, $5) RETURNING "id"[0m  [["content", "The dark side clouds everything. Impossible to see the future is."], ["user_id", 31], ["gossip_id", 4], ["created_at", "2022-08-02 19:42:19.485545"], ["updated_at", "2022-08-02 19:42:19.485545"]]
  ↳ db/seeds.rb:22
  [1m[35m (1.2ms)[0m  [1m[35mCOMMIT[0m
  ↳ db/seeds.rb:22
  [1m[35m (0.2ms)[0m  [1m[34mSELECT COUNT(*) FROM "comments"[0m
  ↳ db/seeds.rb:21
  [1m[35m (0.1ms)[0m  [1m[35mBEGIN[0m
  ↳ db/seeds.rb:22
  [1m[36mComment Create (0.2ms)[0m  [1m[32mINSERT INTO "comments" ("content", "user_id", "gossip_id", "created_at", "updated_at") VALUES ($1, $2, $3, $4, $5) RETURNING "id"[0m  [["content", "Around the survivors a perimeter create."], ["user_id", 36], ["gossip_id", 1], ["created_at", "2022-08-02 19:42:19.488991"], ["updated_at", "2022-08-02 19:42:19.488991"]]
  ↳ db/seeds.rb:22
  [1m[35m (6.2ms)[0m  [1m[35mCOMMIT[0m
  ↳ db/seeds.rb:22
  [1m[35m (0.3ms)[0m  [1m[34mSELECT COUNT(*) FROM "comments"[0m
  ↳ db/seeds.rb:21
  [1m[35m (0.3ms)[0m  [1m[35mBEGIN[0m
  ↳ db/seeds.rb:22
  [1m[36mComment Create (0.3ms)[0m  [1m[32mINSERT INTO "comments" ("content", "user_id", "gossip_id", "created_at", "updated_at") VALUES ($1, $2, $3, $4, $5) RETURNING "id"[0m  [["content", "Death is a natural part of life. Rejoice for those around you who transform into the Force. Mourn them do not. Miss them do not. Attachment leads to jealously. The shadow of greed, that is."], ["user_id", 42], ["gossip_id", 4], ["created_at", "2022-08-02 19:42:19.498294"], ["updated_at", "2022-08-02 19:42:19.498294"]]
  ↳ db/seeds.rb:22
  [1m[35m (6.3ms)[0m  [1m[35mCOMMIT[0m
  ↳ db/seeds.rb:22
  [1m[35m (0.3ms)[0m  [1m[34mSELECT COUNT(*) FROM "comments"[0m
  ↳ db/seeds.rb:21
  [1m[35m (0.1ms)[0m  [1m[35mBEGIN[0m
  ↳ db/seeds.rb:22
  [1m[36mComment Create (1.3ms)[0m  [1m[32mINSERT INTO "comments" ("content", "user_id", "gossip_id", "created_at", "updated_at") VALUES ($1, $2, $3, $4, $5) RETURNING "id"[0m  [["content", "Reckless he is. Matters are worse."], ["user_id", 13], ["gossip_id", 3], ["created_at", "2022-08-02 19:42:19.507310"], ["updated_at", "2022-08-02 19:42:19.507310"]]
  ↳ db/seeds.rb:22
  [1m[35m (6.4ms)[0m  [1m[35mCOMMIT[0m
  ↳ db/seeds.rb:22
  [1m[35m (0.3ms)[0m  [1m[34mSELECT COUNT(*) FROM "comments"[0m
  ↳ db/seeds.rb:21
  [1m[35m (0.2ms)[0m  [1m[35mBEGIN[0m
  ↳ db/seeds.rb:22
  [1m[36mComment Create (0.3ms)[0m  [1m[32mINSERT INTO "comments" ("content", "user_id", "gossip_id", "created_at", "updated_at") VALUES ($1, $2, $3, $4, $5) RETURNING "id"[0m  [["content", "Ready are you? What know you of ready? For eight hundred years have I trained Jedi. My own counsel will I keep on who is to be trained. A Jedi must have the deepest commitment, the most serious mind. This one a long time have I watched. All his life has he looked away - to the future, to the horizon. Never his mind on where he was. Hmm? What he was doing. Hmph. Adventure. Heh. Excitement. Heh. A Jedi craves not these things. You are reckless."], ["user_id", 9], ["gossip_id", 3], ["created_at", "2022-08-02 19:42:19.517437"], ["updated_at", "2022-08-02 19:42:19.517437"]]
  ↳ db/seeds.rb:22
  [1m[35m (6.4ms)[0m  [1m[35mCOMMIT[0m
  ↳ db/seeds.rb:22
  [1m[35m (0.3ms)[0m  [1m[34mSELECT COUNT(*) FROM "comments"[0m
  ↳ db/seeds.rb:21
  [1m[35m (0.2ms)[0m  [1m[35mBEGIN[0m
  ↳ db/seeds.rb:22
  [1m[36mComment Create (0.3ms)[0m  [1m[32mINSERT INTO "comments" ("content", "user_id", "gossip_id", "created_at", "updated_at") VALUES ($1, $2, $3, $4, $5) RETURNING "id"[0m  [["content", "Much to learn you still have my old padawan. ... This is just the beginning!"], ["user_id", 9], ["gossip_id", 10], ["created_at", "2022-08-02 19:42:19.526766"], ["updated_at", "2022-08-02 19:42:19.526766"]]
  ↳ db/seeds.rb:22
  [1m[35m (1.2ms)[0m  [1m[35mCOMMIT[0m
  ↳ db/seeds.rb:22
  [1m[35m (0.3ms)[0m  [1m[34mSELECT COUNT(*) FROM "comments"[0m
  ↳ db/seeds.rb:21
  [1m[35m (0.2ms)[0m  [1m[35mBEGIN[0m
  ↳ db/seeds.rb:22
  [1m[36mComment Create (0.3ms)[0m  [1m[32mINSERT INTO "comments" ("content", "user_id", "gossip_id", "created_at", "updated_at") VALUES ($1, $2, $3, $4, $5) RETURNING "id"[0m  [["content", "Luminous beings are we - not this crude matter."], ["user_id", 15], ["gossip_id", 3], ["created_at", "2022-08-02 19:42:19.530414"], ["updated_at", "2022-08-02 19:42:19.530414"]]
  ↳ db/seeds.rb:22
  [1m[35m (1.2ms)[0m  [1m[35mCOMMIT[0m
  ↳ db/seeds.rb:22
  [1m[35m (0.3ms)[0m  [1m[34mSELECT COUNT(*) FROM "comments"[0m
  ↳ db/seeds.rb:21
  [1m[35m (0.1ms)[0m  [1m[35mBEGIN[0m
  ↳ db/seeds.rb:22
  [1m[36mComment Create (0.3ms)[0m  [1m[32mINSERT INTO "comments" ("content", "user_id", "gossip_id", "created_at", "updated_at") VALUES ($1, $2, $3, $4, $5) RETURNING "id"[0m  [["content", "Your weapons, you will not need them."], ["user_id", 30], ["gossip_id", 7], ["created_at", "2022-08-02 19:42:19.534410"], ["updated_at", "2022-08-02 19:42:19.534410"]]
  ↳ db/seeds.rb:22
  [1m[35m (1.6ms)[0m  [1m[35mCOMMIT[0m
  ↳ db/seeds.rb:22
  [1m[35m (0.2ms)[0m  [1m[34mSELECT COUNT(*) FROM "comments"[0m
  ↳ db/seeds.rb:21
  [1m[35m (0.1ms)[0m  [1m[35mBEGIN[0m
  ↳ db/seeds.rb:22
  [1m[36mComment Create (0.3ms)[0m  [1m[32mINSERT INTO "comments" ("content", "user_id", "gossip_id", "created_at", "updated_at") VALUES ($1, $2, $3, $4, $5) RETURNING "id"[0m  [["content", "Through the Force, things you will see. Other places. The future - the past. Old friends long gone."], ["user_id", 37], ["gossip_id", 10], ["created_at", "2022-08-02 19:42:19.538648"], ["updated_at", "2022-08-02 19:42:19.538648"]]
  ↳ db/seeds.rb:22
  [1m[35m (1.2ms)[0m  [1m[35mCOMMIT[0m
  ↳ db/seeds.rb:22
  [1m[35m (0.2ms)[0m  [1m[34mSELECT COUNT(*) FROM "comments"[0m
  ↳ db/seeds.rb:21
  [1m[35m (0.1ms)[0m  [1m[35mBEGIN[0m
  ↳ db/seeds.rb:22
  [1m[36mComment Create (0.2ms)[0m  [1m[32mINSERT INTO "comments" ("content", "user_id", "gossip_id", "created_at", "updated_at") VALUES ($1, $2, $3, $4, $5) RETURNING "id"[0m  [["content", "You will find only what you bring in."], ["user_id", 3], ["gossip_id", 10], ["created_at", "2022-08-02 19:42:19.542300"], ["updated_at", "2022-08-02 19:42:19.542300"]]
  ↳ db/seeds.rb:22
  [1m[35m (1.0ms)[0m  [1m[35mCOMMIT[0m
  ↳ db/seeds.rb:22
  [1m[35m (0.2ms)[0m  [1m[34mSELECT COUNT(*) FROM "comments"[0m
  ↳ db/seeds.rb:21
  [1m[35m (0.1ms)[0m  [1m[35mBEGIN[0m
  ↳ db/seeds.rb:22
  [1m[36mComment Create (0.2ms)[0m  [1m[32mINSERT INTO "comments" ("content", "user_id", "gossip_id", "created_at", "updated_at") VALUES ($1, $2, $3, $4, $5) RETURNING "id"[0m  [["content", "Ow, ow, OW! On my ear you are!"], ["user_id", 16], ["gossip_id", 10], ["created_at", "2022-08-02 19:42:19.545936"], ["updated_at", "2022-08-02 19:42:19.545936"]]
  ↳ db/seeds.rb:22
  [1m[35m (0.9ms)[0m  [1m[35mCOMMIT[0m
  ↳ db/seeds.rb:22
  [1m[35m (0.2ms)[0m  [1m[34mSELECT COUNT(*) FROM "comments"[0m
  ↳ db/seeds.rb:21
  [1m[35m (0.1ms)[0m  [1m[35mBEGIN[0m
  ↳ db/seeds.rb:22
  [1m[36mComment Create (0.2ms)[0m  [1m[32mINSERT INTO "comments" ("content", "user_id", "gossip_id", "created_at", "updated_at") VALUES ($1, $2, $3, $4, $5) RETURNING "id"[0m  [["content", "Do not assume anything Obi-Wan. Clear your mind must be if you are to discover the real villains behind this plot."], ["user_id", 11], ["gossip_id", 4], ["created_at", "2022-08-02 19:42:19.549641"], ["updated_at", "2022-08-02 19:42:19.549641"]]
  ↳ db/seeds.rb:22
  [1m[35m (1.0ms)[0m  [1m[35mCOMMIT[0m
  ↳ db/seeds.rb:22
  [1m[35m (0.2ms)[0m  [1m[34mSELECT COUNT(*) FROM "comments"[0m
  ↳ db/seeds.rb:21
  [1m[35m (0.1ms)[0m  [1m[35mBEGIN[0m
  ↳ db/seeds.rb:22
  [1m[36mComment Create (0.2ms)[0m  [1m[32mINSERT INTO "comments" ("content", "user_id", "gossip_id", "created_at", "updated_at") VALUES ($1, $2, $3, $4, $5) RETURNING "id"[0m  [["content", "Already know you that which you need."], ["user_id", 17], ["gossip_id", 2], ["created_at", "2022-08-02 19:42:19.553452"], ["updated_at", "2022-08-02 19:42:19.553452"]]
  ↳ db/seeds.rb:22
  [1m[35m (0.9ms)[0m  [1m[35mCOMMIT[0m
  ↳ db/seeds.rb:22
  [1m[35m (0.2ms)[0m  [1m[34mSELECT COUNT(*) FROM "comments"[0m
  ↳ db/seeds.rb:21
  [1m[35m (0.1ms)[0m  [1m[35mBEGIN[0m
  ↳ db/seeds.rb:22
  [1m[36mComment Create (0.2ms)[0m  [1m[32mINSERT INTO "comments" ("content", "user_id", "gossip_id", "created_at", "updated_at") VALUES ($1, $2, $3, $4, $5) RETURNING "id"[0m  [["content", "Strong is Vader. Mind what you have learned. Save you it can."], ["user_id", 30], ["gossip_id", 4], ["created_at", "2022-08-02 19:42:19.556876"], ["updated_at", "2022-08-02 19:42:19.556876"]]
  ↳ db/seeds.rb:22
  [1m[35m (6.1ms)[0m  [1m[35mCOMMIT[0m
  ↳ db/seeds.rb:22
  [1m[35m (0.3ms)[0m  [1m[34mSELECT COUNT(*) FROM "comments"[0m
  ↳ db/seeds.rb:21
  [1m[35m (0.2ms)[0m  [1m[35mBEGIN[0m
  ↳ db/seeds.rb:22
  [1m[36mComment Create (0.3ms)[0m  [1m[32mINSERT INTO "comments" ("content", "user_id", "gossip_id", "created_at", "updated_at") VALUES ($1, $2, $3, $4, $5) RETURNING "id"[0m  [["content", "Much to learn you still have my old padawan. ... This is just the beginning!"], ["user_id", 16], ["gossip_id", 5], ["created_at", "2022-08-02 19:42:19.565285"], ["updated_at", "2022-08-02 19:42:19.565285"]]
  ↳ db/seeds.rb:22
  [1m[35m (6.6ms)[0m  [1m[35mCOMMIT[0m
  ↳ db/seeds.rb:22
  [1m[35m (0.8ms)[0m  [1m[34mSELECT COUNT(*) FROM "comments"[0m
  ↳ db/seeds.rb:21
  [1m[35m (0.5ms)[0m  [1m[35mBEGIN[0m
  ↳ db/seeds.rb:22
  [1m[36mComment Create (0.7ms)[0m  [1m[32mINSERT INTO "comments" ("content", "user_id", "gossip_id", "created_at", "updated_at") VALUES ($1, $2, $3, $4, $5) RETURNING "id"[0m  [["content", "Much to learn you still have my old padawan. ... This is just the beginning!"], ["user_id", 25], ["gossip_id", 4], ["created_at", "2022-08-02 19:42:19.578474"], ["updated_at", "2022-08-02 19:42:19.578474"]]
  ↳ db/seeds.rb:22
  [1m[35m (7.1ms)[0m  [1m[35mCOMMIT[0m
  ↳ db/seeds.rb:22
  [1m[35m (0.4ms)[0m  [1m[34mSELECT COUNT(*) FROM "comments"[0m
  ↳ db/seeds.rb:21
  [1m[35m (0.2ms)[0m  [1m[35mBEGIN[0m
  ↳ db/seeds.rb:22
  [1m[36mComment Create (0.4ms)[0m  [1m[32mINSERT INTO "comments" ("content", "user_id", "gossip_id", "created_at", "updated_at") VALUES ($1, $2, $3, $4, $5) RETURNING "id"[0m  [["content", "Mudhole? Slimy? My home this is!"], ["user_id", 36], ["gossip_id", 7], ["created_at", "2022-08-02 19:42:19.590509"], ["updated_at", "2022-08-02 19:42:19.590509"]]
  ↳ db/seeds.rb:22
  [1m[35m (6.6ms)[0m  [1m[35mCOMMIT[0m
  ↳ db/seeds.rb:22
  [1m[35m (0.5ms)[0m  [1m[34mSELECT COUNT(*) FROM "comments"[0m
  ↳ db/seeds.rb:21
  [1m[35m (0.2ms)[0m  [1m[35mBEGIN[0m
  ↳ db/seeds.rb:22
  [1m[36mComment Create (0.5ms)[0m  [1m[32mINSERT INTO "comments" ("content", "user_id", "gossip_id", "created_at", "updated_at") VALUES ($1, $2, $3, $4, $5) RETURNING "id"[0m  [["content", "Hmm. In the end, cowards are those who follow the dark side."], ["user_id", 10], ["gossip_id", 3], ["created_at", "2022-08-02 19:42:19.600405"], ["updated_at", "2022-08-02 19:42:19.600405"]]
  ↳ db/seeds.rb:22
  [1m[35m (1.5ms)[0m  [1m[35mCOMMIT[0m
  ↳ db/seeds.rb:22
  [1m[35m (0.4ms)[0m  [1m[34mSELECT COUNT(*) FROM "comments"[0m
  ↳ db/seeds.rb:21
  [1m[35m (0.2ms)[0m  [1m[35mBEGIN[0m
  ↳ db/seeds.rb:22
  [1m[36mComment Create (0.3ms)[0m  [1m[32mINSERT INTO "comments" ("content", "user_id", "gossip_id", "created_at", "updated_at") VALUES ($1, $2, $3, $4, $5) RETURNING "id"[0m  [["content", "Good relations with the Wookiees, I have."], ["user_id", 38], ["gossip_id", 6], ["created_at", "2022-08-02 19:42:19.605155"], ["updated_at", "2022-08-02 19:42:19.605155"]]
  ↳ db/seeds.rb:22
  [1m[35m (1.4ms)[0m  [1m[35mCOMMIT[0m
  ↳ db/seeds.rb:22
  [1m[35m (0.5ms)[0m  [1m[34mSELECT COUNT(*) FROM "comments"[0m
  ↳ db/seeds.rb:21
  [1m[35m (0.3ms)[0m  [1m[35mBEGIN[0m
  ↳ db/seeds.rb:22
  [1m[36mComment Create (0.4ms)[0m  [1m[32mINSERT INTO "comments" ("content", "user_id", "gossip_id", "created_at", "updated_at") VALUES ($1, $2, $3, $4, $5) RETURNING "id"[0m  [["content", "Through the Force, things you will see. Other places. The future - the past. Old friends long gone."], ["user_id", 27], ["gossip_id", 9], ["created_at", "2022-08-02 19:42:19.609872"], ["updated_at", "2022-08-02 19:42:19.609872"]]
  ↳ db/seeds.rb:22
  [1m[35m (1.2ms)[0m  [1m[35mCOMMIT[0m
  ↳ db/seeds.rb:22
  [1m[35m (0.4ms)[0m  [1m[34mSELECT COUNT(*) FROM "comments"[0m
  ↳ db/seeds.rb:21
  [1m[35m (0.2ms)[0m  [1m[35mBEGIN[0m
  ↳ db/seeds.rb:22
  [1m[36mComment Create (0.4ms)[0m  [1m[32mINSERT INTO "comments" ("content", "user_id", "gossip_id", "created_at", "updated_at") VALUES ($1, $2, $3, $4, $5) RETURNING "id"[0m  [["content", "Soon will I rest, yes, forever sleep. Earned it I have. Twilight is upon me, soon night must fall."], ["user_id", 16], ["gossip_id", 10], ["created_at", "2022-08-02 19:42:19.614623"], ["updated_at", "2022-08-02 19:42:19.614623"]]
  ↳ db/seeds.rb:22
  [1m[35m (1.5ms)[0m  [1m[35mCOMMIT[0m
  ↳ db/seeds.rb:22
  [1m[35m (0.4ms)[0m  [1m[34mSELECT COUNT(*) FROM "comments"[0m
  ↳ db/seeds.rb:21
  [1m[35m (0.2ms)[0m  [1m[35mBEGIN[0m
  ↳ db/seeds.rb:22
  [1m[36mComment Create (0.4ms)[0m  [1m[32mINSERT INTO "comments" ("content", "user_id", "gossip_id", "created_at", "updated_at") VALUES ($1, $2, $3, $4, $5) RETURNING "id"[0m  [["content", "To answer power with power, the Jedi way this is"], ["user_id", 46], ["gossip_id", 4], ["created_at", "2022-08-02 19:42:19.619570"], ["updated_at", "2022-08-02 19:42:19.619570"]]
  ↳ db/seeds.rb:22
  [1m[35m (1.3ms)[0m  [1m[35mCOMMIT[0m
  ↳ db/seeds.rb:22
  [1m[35m (0.3ms)[0m  [1m[34mSELECT COUNT(*) FROM "comments"[0m
  ↳ db/seeds.rb:21
  [1m[35m (0.2ms)[0m  [1m[35mBEGIN[0m
  ↳ db/seeds.rb:22
  [1m[36mComment Create (0.3ms)[0m  [1m[32mINSERT INTO "comments" ("content", "user_id", "gossip_id", "created_at", "updated_at") VALUES ($1, $2, $3, $4, $5) RETURNING "id"[0m  [["content", "Once you start down the dark path, forever will it dominate your destiny, consume you it will."], ["user_id", 5], ["gossip_id", 10], ["created_at", "2022-08-02 19:42:19.623700"], ["updated_at", "2022-08-02 19:42:19.623700"]]
  ↳ db/seeds.rb:22
  [1m[35m (1.7ms)[0m  [1m[35mCOMMIT[0m
  ↳ db/seeds.rb:22
  [1m[35m (0.3ms)[0m  [1m[34mSELECT COUNT(*) FROM "comments"[0m
  ↳ db/seeds.rb:21
  [1m[35m (0.2ms)[0m  [1m[35mBEGIN[0m
  ↳ db/seeds.rb:22
  [1m[36mComment Create (0.3ms)[0m  [1m[32mINSERT INTO "comments" ("content", "user_id", "gossip_id", "created_at", "updated_at") VALUES ($1, $2, $3, $4, $5) RETURNING "id"[0m  [["content", "Mudhole? Slimy? My home this is!"], ["user_id", 6], ["gossip_id", 2], ["created_at", "2022-08-02 19:42:19.627847"], ["updated_at", "2022-08-02 19:42:19.627847"]]
  ↳ db/seeds.rb:22
  [1m[35m (1.4ms)[0m  [1m[35mCOMMIT[0m
  ↳ db/seeds.rb:22
  [1m[35m (0.3ms)[0m  [1m[34mSELECT COUNT(*) FROM "comments"[0m
  ↳ db/seeds.rb:21
