  [1m[35m (1.6ms)[0m  [1m[35mCREATE DATABASE "appli_de_test_development" ENCODING = 'unicode'[0m
  ↳ bin/rails:9
  [1m[35m (0.8ms)[0m  [1m[35mCREATE DATABASE "appli_de_test_test" ENCODING = 'unicode'[0m
  ↳ bin/rails:9
  [1m[35m (76.9ms)[0m  [1m[35mCREATE TABLE "schema_migrations" ("version" character varying NOT NULL PRIMARY KEY)[0m
  ↳ bin/rails:9
  [1m[35m (16.1ms)[0m  [1m[35mCREATE TABLE "ar_internal_metadata" ("key" character varying NOT NULL PRIMARY KEY, "value" character varying, "created_at" timestamp NOT NULL, "updated_at" timestamp NOT NULL)[0m
  ↳ bin/rails:9
  [1m[35m (0.3ms)[0m  [1m[34mSELECT pg_try_advisory_lock(2746841518100239245)[0m
  ↳ bin/rails:9
  [1m[35m (0.4ms)[0m  [1m[34mSELECT "schema_migrations"."version" FROM "schema_migrations" ORDER BY "schema_migrations"."version" ASC[0m
  ↳ bin/rails:9
Migrating to CreateUsers (20220808075913)
  [1m[35m (0.2ms)[0m  [1m[35mBEGIN[0m
  ↳ bin/rails:9
  [1m[35m (15.0ms)[0m  [1m[35mCREATE TABLE "users" ("id" bigserial primary key, "name" character varying, "email" character varying, "created_at" timestamp NOT NULL, "updated_at" timestamp NOT NULL)[0m
  ↳ db/migrate/20220808075913_create_users.rb:3
  [1m[36mActiveRecord::SchemaMigration Create (0.5ms)[0m  [1m[32mINSERT INTO "schema_migrations" ("version") VALUES ($1) RETURNING "version"[0m  [["version", "20220808075913"]]
  ↳ bin/rails:9
  [1m[35m (3.4ms)[0m  [1m[35mCOMMIT[0m
  ↳ bin/rails:9
  [1m[36mActiveRecord::InternalMetadata Load (0.4ms)[0m  [1m[34mSELECT  "ar_internal_metadata".* FROM "ar_internal_metadata" WHERE "ar_internal_metadata"."key" = $1 LIMIT $2[0m  [["key", "environment"], ["LIMIT", 1]]
  ↳ bin/rails:9
  [1m[35m (0.3ms)[0m  [1m[35mBEGIN[0m
  ↳ bin/rails:9
  [1m[36mActiveRecord::InternalMetadata Create (0.5ms)[0m  [1m[32mINSERT INTO "ar_internal_metadata" ("key", "value", "created_at", "updated_at") VALUES ($1, $2, $3, $4) RETURNING "key"[0m  [["key", "environment"], ["value", "development"], ["created_at", "2022-08-08 08:00:11.712579"], ["updated_at", "2022-08-08 08:00:11.712579"]]
  ↳ bin/rails:9
  [1m[35m (1.4ms)[0m  [1m[35mCOMMIT[0m
  ↳ bin/rails:9
  [1m[35m (0.3ms)[0m  [1m[34mSELECT pg_advisory_unlock(2746841518100239245)[0m
  ↳ bin/rails:9
  [1m[35m (0.6ms)[0m  [1m[34mSELECT "schema_migrations"."version" FROM "schema_migrations" ORDER BY "schema_migrations"."version" ASC[0m
  ↳ bin/rails:9
  [1m[35m (0.3ms)[0m  [1m[35mBEGIN[0m
  [1m[36mUser Create (0.7ms)[0m  [1m[32mINSERT INTO "users" ("name", "email", "created_at", "updated_at") VALUES ($1, $2, $3, $4) RETURNING "id"[0m  [["name", "Féfé"], ["email", "féfé@yopmail.com"], ["created_at", "2022-08-08 08:10:39.027588"], ["updated_at", "2022-08-08 08:10:39.027588"]]
  [1m[35m (0.2ms)[0m  [1m[31mROLLBACK[0m
  [1m[35m (0.6ms)[0m  [1m[34mSELECT "schema_migrations"."version" FROM "schema_migrations" ORDER BY "schema_migrations"."version" ASC[0m
  ↳ bin/rails:9
  [1m[35m (0.3ms)[0m  [1m[34mSELECT "ar_internal_metadata"."value" FROM "ar_internal_metadata" WHERE "ar_internal_metadata"."key" = $1[0m  [["key", "environment"]]
  ↳ bin/rails:9
  [1m[35m (0.3ms)[0m  [1m[34mSELECT "schema_migrations"."version" FROM "schema_migrations" ORDER BY "schema_migrations"."version" ASC[0m
  ↳ bin/rails:9
  [1m[35m (0.6ms)[0m  [1m[34mSELECT "ar_internal_metadata"."value" FROM "ar_internal_metadata" WHERE "ar_internal_metadata"."key" = $1[0m  [["key", "environment"]]
  ↳ bin/rails:9
  [1m[35m (0.6ms)[0m  [1m[34mSELECT "schema_migrations"."version" FROM "schema_migrations" ORDER BY "schema_migrations"."version" ASC[0m
  ↳ bin/rails:9
  [1m[35m (0.4ms)[0m  [1m[34mSELECT "ar_internal_metadata"."value" FROM "ar_internal_metadata" WHERE "ar_internal_metadata"."key" = $1[0m  [["key", "environment"]]
  ↳ bin/rails:9
  [1m[35m (59.3ms)[0m  [1m[35mDROP DATABASE IF EXISTS "appli_de_test_development"[0m
  ↳ bin/rails:9
  [1m[35m (72.8ms)[0m  [1m[35mDROP DATABASE IF EXISTS "appli_de_test_test"[0m
  ↳ bin/rails:9
  [1m[35m (536.6ms)[0m  [1m[35mCREATE DATABASE "appli_de_test_development" ENCODING = 'unicode'[0m
  ↳ bin/rails:9
  [1m[35m (304.0ms)[0m  [1m[35mCREATE DATABASE "appli_de_test_test" ENCODING = 'unicode'[0m
  ↳ bin/rails:9
  [1m[35m (23.9ms)[0m  [1m[35mCREATE TABLE "schema_migrations" ("version" character varying NOT NULL PRIMARY KEY)[0m
  ↳ bin/rails:9
  [1m[35m (20.4ms)[0m  [1m[35mCREATE TABLE "ar_internal_metadata" ("key" character varying NOT NULL PRIMARY KEY, "value" character varying, "created_at" timestamp NOT NULL, "updated_at" timestamp NOT NULL)[0m
  ↳ bin/rails:9
  [1m[35m (0.3ms)[0m  [1m[34mSELECT pg_try_advisory_lock(2746841518100239245)[0m
  ↳ bin/rails:9
  [1m[35m (0.5ms)[0m  [1m[34mSELECT "schema_migrations"."version" FROM "schema_migrations" ORDER BY "schema_migrations"."version" ASC[0m
  ↳ bin/rails:9
Migrating to CreateUsers (20220808075913)
  [1m[35m (0.2ms)[0m  [1m[35mBEGIN[0m
  ↳ bin/rails:9
  [1m[35m (15.0ms)[0m  [1m[35mCREATE TABLE "users" ("id" bigserial primary key, "name" character varying, "email" character varying, "created_at" timestamp NOT NULL, "updated_at" timestamp NOT NULL)[0m
  ↳ db/migrate/20220808075913_create_users.rb:3
  [1m[36mActiveRecord::SchemaMigration Create (1.7ms)[0m  [1m[32mINSERT INTO "schema_migrations" ("version") VALUES ($1) RETURNING "version"[0m  [["version", "20220808075913"]]
  ↳ bin/rails:9
  [1m[35m (7.1ms)[0m  [1m[35mCOMMIT[0m
  ↳ bin/rails:9
  [1m[36mActiveRecord::InternalMetadata Load (0.7ms)[0m  [1m[34mSELECT  "ar_internal_metadata".* FROM "ar_internal_metadata" WHERE "ar_internal_metadata"."key" = $1 LIMIT $2[0m  [["key", "environment"], ["LIMIT", 1]]
  ↳ bin/rails:9
  [1m[35m (0.3ms)[0m  [1m[35mBEGIN[0m
  ↳ bin/rails:9
  [1m[36mActiveRecord::InternalMetadata Create (1.0ms)[0m  [1m[32mINSERT INTO "ar_internal_metadata" ("key", "value", "created_at", "updated_at") VALUES ($1, $2, $3, $4) RETURNING "key"[0m  [["key", "environment"], ["value", "development"], ["created_at", "2022-08-08 08:13:20.566322"], ["updated_at", "2022-08-08 08:13:20.566322"]]
  ↳ bin/rails:9
  [1m[35m (9.6ms)[0m  [1m[35mCOMMIT[0m
  ↳ bin/rails:9
  [1m[35m (0.4ms)[0m  [1m[34mSELECT pg_advisory_unlock(2746841518100239245)[0m
  ↳ bin/rails:9
  [1m[35m (0.4ms)[0m  [1m[34mSELECT "schema_migrations"."version" FROM "schema_migrations" ORDER BY "schema_migrations"."version" ASC[0m
  ↳ bin/rails:9
  [1m[35m (0.5ms)[0m  [1m[34mSELECT "schema_migrations"."version" FROM "schema_migrations" ORDER BY "schema_migrations"."version" ASC[0m
  ↳ bin/rails:9
  [1m[35m (0.2ms)[0m  [1m[35mBEGIN[0m
  [1m[36mUser Create (0.7ms)[0m  [1m[32mINSERT INTO "users" ("name", "email", "created_at", "updated_at") VALUES ($1, $2, $3, $4) RETURNING "id"[0m  [["name", "Féfé"], ["email", "féfé@yopmail.com"], ["created_at", "2022-08-08 08:13:28.230360"], ["updated_at", "2022-08-08 08:13:28.230360"]]
  [1m[35m (0.6ms)[0m  [1m[31mROLLBACK[0m
  [1m[35m (0.5ms)[0m  [1m[34mSELECT "schema_migrations"."version" FROM "schema_migrations" ORDER BY "schema_migrations"."version" ASC[0m
  ↳ bin/rails:9
  [1m[35m (0.4ms)[0m  [1m[34mSELECT "ar_internal_metadata"."value" FROM "ar_internal_metadata" WHERE "ar_internal_metadata"."key" = $1[0m  [["key", "environment"]]
  ↳ bin/rails:9
  [1m[35m (0.3ms)[0m  [1m[34mSELECT "schema_migrations"."version" FROM "schema_migrations" ORDER BY "schema_migrations"."version" ASC[0m
  ↳ bin/rails:9
  [1m[35m (0.2ms)[0m  [1m[34mSELECT "ar_internal_metadata"."value" FROM "ar_internal_metadata" WHERE "ar_internal_metadata"."key" = $1[0m  [["key", "environment"]]
  ↳ bin/rails:9
  [1m[35m (0.3ms)[0m  [1m[34mSELECT "schema_migrations"."version" FROM "schema_migrations" ORDER BY "schema_migrations"."version" ASC[0m
  ↳ bin/rails:9
  [1m[35m (0.2ms)[0m  [1m[34mSELECT "ar_internal_metadata"."value" FROM "ar_internal_metadata" WHERE "ar_internal_metadata"."key" = $1[0m  [["key", "environment"]]
  ↳ bin/rails:9
  [1m[35m (55.3ms)[0m  [1m[35mDROP DATABASE IF EXISTS "appli_de_test_development"[0m
  ↳ bin/rails:9
  [1m[35m (63.3ms)[0m  [1m[35mDROP DATABASE IF EXISTS "appli_de_test_test"[0m
  ↳ bin/rails:9
  [1m[35m (321.6ms)[0m  [1m[35mCREATE DATABASE "appli_de_test_development" ENCODING = 'unicode'[0m
  ↳ bin/rails:9
  [1m[35m (286.1ms)[0m  [1m[35mCREATE DATABASE "appli_de_test_test" ENCODING = 'unicode'[0m
  ↳ bin/rails:9
  [1m[35m (25.1ms)[0m  [1m[35mCREATE TABLE "schema_migrations" ("version" character varying NOT NULL PRIMARY KEY)[0m
  ↳ bin/rails:9
  [1m[35m (27.0ms)[0m  [1m[35mCREATE TABLE "ar_internal_metadata" ("key" character varying NOT NULL PRIMARY KEY, "value" character varying, "created_at" timestamp NOT NULL, "updated_at" timestamp NOT NULL)[0m
  ↳ bin/rails:9
  [1m[35m (0.3ms)[0m  [1m[34mSELECT pg_try_advisory_lock(2746841518100239245)[0m
  ↳ bin/rails:9
  [1m[35m (0.4ms)[0m  [1m[34mSELECT "schema_migrations"."version" FROM "schema_migrations" ORDER BY "schema_migrations"."version" ASC[0m
  ↳ bin/rails:9
Migrating to CreateUsers (20220808075913)
  [1m[35m (0.2ms)[0m  [1m[35mBEGIN[0m
  ↳ bin/rails:9
  [1m[35m (9.7ms)[0m  [1m[35mCREATE TABLE "users" ("id" bigserial primary key, "name" character varying, "email" character varying, "created_at" timestamp NOT NULL, "updated_at" timestamp NOT NULL)[0m
  ↳ db/migrate/20220808075913_create_users.rb:3
  [1m[36mActiveRecord::SchemaMigration Create (1.1ms)[0m  [1m[32mINSERT INTO "schema_migrations" ("version") VALUES ($1) RETURNING "version"[0m  [["version", "20220808075913"]]
  ↳ bin/rails:9
  [1m[35m (7.7ms)[0m  [1m[35mCOMMIT[0m
  ↳ bin/rails:9
  [1m[36mActiveRecord::InternalMetadata Load (1.4ms)[0m  [1m[34mSELECT  "ar_internal_metadata".* FROM "ar_internal_metadata" WHERE "ar_internal_metadata"."key" = $1 LIMIT $2[0m  [["key", "environment"], ["LIMIT", 1]]
  ↳ bin/rails:9
  [1m[35m (0.3ms)[0m  [1m[35mBEGIN[0m
  ↳ bin/rails:9
  [1m[36mActiveRecord::InternalMetadata Create (0.5ms)[0m  [1m[32mINSERT INTO "ar_internal_metadata" ("key", "value", "created_at", "updated_at") VALUES ($1, $2, $3, $4) RETURNING "key"[0m  [["key", "environment"], ["value", "development"], ["created_at", "2022-08-08 08:17:26.768051"], ["updated_at", "2022-08-08 08:17:26.768051"]]
  ↳ bin/rails:9
  [1m[35m (7.5ms)[0m  [1m[35mCOMMIT[0m
  ↳ bin/rails:9
  [1m[35m (0.4ms)[0m  [1m[34mSELECT pg_advisory_unlock(2746841518100239245)[0m
  ↳ bin/rails:9
  [1m[35m (0.4ms)[0m  [1m[34mSELECT "schema_migrations"."version" FROM "schema_migrations" ORDER BY "schema_migrations"."version" ASC[0m
  ↳ bin/rails:9
  [1m[35m (0.6ms)[0m  [1m[34mSELECT "schema_migrations"."version" FROM "schema_migrations" ORDER BY "schema_migrations"."version" ASC[0m
  ↳ bin/rails:9
  [1m[35m (0.5ms)[0m  [1m[34mSELECT "schema_migrations"."version" FROM "schema_migrations" ORDER BY "schema_migrations"."version" ASC[0m
  ↳ bin/rails:9
  [1m[35m (0.3ms)[0m  [1m[34mSELECT "ar_internal_metadata"."value" FROM "ar_internal_metadata" WHERE "ar_internal_metadata"."key" = $1[0m  [["key", "environment"]]
  ↳ bin/rails:9
  [1m[35m (0.3ms)[0m  [1m[34mSELECT "schema_migrations"."version" FROM "schema_migrations" ORDER BY "schema_migrations"."version" ASC[0m
  ↳ bin/rails:9
  [1m[35m (0.3ms)[0m  [1m[34mSELECT "ar_internal_metadata"."value" FROM "ar_internal_metadata" WHERE "ar_internal_metadata"."key" = $1[0m  [["key", "environment"]]
  ↳ bin/rails:9
  [1m[35m (0.3ms)[0m  [1m[34mSELECT "schema_migrations"."version" FROM "schema_migrations" ORDER BY "schema_migrations"."version" ASC[0m
  ↳ bin/rails:9
  [1m[35m (0.2ms)[0m  [1m[34mSELECT "ar_internal_metadata"."value" FROM "ar_internal_metadata" WHERE "ar_internal_metadata"."key" = $1[0m  [["key", "environment"]]
  ↳ bin/rails:9
  [1m[35m (65.2ms)[0m  [1m[35mDROP DATABASE IF EXISTS "appli_de_test_development"[0m
  ↳ bin/rails:9
  [1m[35m (75.5ms)[0m  [1m[35mDROP DATABASE IF EXISTS "appli_de_test_test"[0m
  ↳ bin/rails:9
  [1m[35m (283.0ms)[0m  [1m[35mCREATE DATABASE "appli_de_test_development" ENCODING = 'unicode'[0m
  ↳ bin/rails:9
  [1m[35m (363.8ms)[0m  [1m[35mCREATE DATABASE "appli_de_test_test" ENCODING = 'unicode'[0m
  ↳ bin/rails:9
  [1m[35m (36.3ms)[0m  [1m[35mCREATE TABLE "schema_migrations" ("version" character varying NOT NULL PRIMARY KEY)[0m
  ↳ bin/rails:9
  [1m[35m (16.8ms)[0m  [1m[35mCREATE TABLE "ar_internal_metadata" ("key" character varying NOT NULL PRIMARY KEY, "value" character varying, "created_at" timestamp NOT NULL, "updated_at" timestamp NOT NULL)[0m
  ↳ bin/rails:9
  [1m[35m (0.3ms)[0m  [1m[34mSELECT pg_try_advisory_lock(2746841518100239245)[0m
  ↳ bin/rails:9
  [1m[35m (0.5ms)[0m  [1m[34mSELECT "schema_migrations"."version" FROM "schema_migrations" ORDER BY "schema_migrations"."version" ASC[0m
  ↳ bin/rails:9
Migrating to CreateUsers (20220808075913)
  [1m[35m (0.2ms)[0m  [1m[35mBEGIN[0m
  ↳ bin/rails:9
  [1m[35m (15.4ms)[0m  [1m[35mCREATE TABLE "users" ("id" bigserial primary key, "name" character varying, "email" character varying, "created_at" timestamp NOT NULL, "updated_at" timestamp NOT NULL)[0m
  ↳ db/migrate/20220808075913_create_users.rb:3
  [1m[36mActiveRecord::SchemaMigration Create (2.3ms)[0m  [1m[32mINSERT INTO "schema_migrations" ("version") VALUES ($1) RETURNING "version"[0m  [["version", "20220808075913"]]
  ↳ bin/rails:9
  [1m[35m (4.0ms)[0m  [1m[35mCOMMIT[0m
  ↳ bin/rails:9
  [1m[36mActiveRecord::InternalMetadata Load (0.9ms)[0m  [1m[34mSELECT  "ar_internal_metadata".* FROM "ar_internal_metadata" WHERE "ar_internal_metadata"."key" = $1 LIMIT $2[0m  [["key", "environment"], ["LIMIT", 1]]
  ↳ bin/rails:9
  [1m[35m (0.4ms)[0m  [1m[35mBEGIN[0m
  ↳ bin/rails:9
  [1m[36mActiveRecord::InternalMetadata Create (0.6ms)[0m  [1m[32mINSERT INTO "ar_internal_metadata" ("key", "value", "created_at", "updated_at") VALUES ($1, $2, $3, $4) RETURNING "key"[0m  [["key", "environment"], ["value", "development"], ["created_at", "2022-08-08 08:20:07.282224"], ["updated_at", "2022-08-08 08:20:07.282224"]]
  ↳ bin/rails:9
  [1m[35m (1.5ms)[0m  [1m[35mCOMMIT[0m
  ↳ bin/rails:9
  [1m[35m (0.5ms)[0m  [1m[34mSELECT pg_advisory_unlock(2746841518100239245)[0m
  ↳ bin/rails:9
  [1m[35m (0.6ms)[0m  [1m[34mSELECT "schema_migrations"."version" FROM "schema_migrations" ORDER BY "schema_migrations"."version" ASC[0m
  ↳ bin/rails:9
  [1m[35m (0.6ms)[0m  [1m[34mSELECT "schema_migrations"."version" FROM "schema_migrations" ORDER BY "schema_migrations"."version" ASC[0m
  ↳ bin/rails:9
  [1m[35m (0.3ms)[0m  [1m[35mBEGIN[0m
  [1m[36mUser Create (0.9ms)[0m  [1m[32mINSERT INTO "users" ("name", "email", "created_at", "updated_at") VALUES ($1, $2, $3, $4) RETURNING "id"[0m  [["name", "Féfé"], ["email", "féfé@yopmail.com"], ["created_at", "2022-08-08 08:20:13.406281"], ["updated_at", "2022-08-08 08:20:13.406281"]]
  [1m[35m (0.5ms)[0m  [1m[31mROLLBACK[0m
  [1m[35m (0.5ms)[0m  [1m[34mSELECT "schema_migrations"."version" FROM "schema_migrations" ORDER BY "schema_migrations"."version" ASC[0m
  ↳ bin/rails:9
  [1m[35m (2.3ms)[0m  [1m[34mSELECT "ar_internal_metadata"."value" FROM "ar_internal_metadata" WHERE "ar_internal_metadata"."key" = $1[0m  [["key", "environment"]]
  ↳ bin/rails:9
  [1m[35m (0.3ms)[0m  [1m[34mSELECT "schema_migrations"."version" FROM "schema_migrations" ORDER BY "schema_migrations"."version" ASC[0m
  ↳ bin/rails:9
  [1m[35m (0.3ms)[0m  [1m[34mSELECT "ar_internal_metadata"."value" FROM "ar_internal_metadata" WHERE "ar_internal_metadata"."key" = $1[0m  [["key", "environment"]]
  ↳ bin/rails:9
  [1m[35m (0.3ms)[0m  [1m[34mSELECT "schema_migrations"."version" FROM "schema_migrations" ORDER BY "schema_migrations"."version" ASC[0m
  ↳ bin/rails:9
  [1m[35m (0.3ms)[0m  [1m[34mSELECT "ar_internal_metadata"."value" FROM "ar_internal_metadata" WHERE "ar_internal_metadata"."key" = $1[0m  [["key", "environment"]]
  ↳ bin/rails:9
  [1m[35m (78.9ms)[0m  [1m[35mDROP DATABASE IF EXISTS "appli_de_test_development"[0m
  ↳ bin/rails:9
  [1m[35m (91.6ms)[0m  [1m[35mDROP DATABASE IF EXISTS "appli_de_test_test"[0m
  ↳ bin/rails:9
  [1m[35m (306.5ms)[0m  [1m[35mCREATE DATABASE "appli_de_test_development" ENCODING = 'unicode'[0m
  ↳ bin/rails:9
  [1m[35m (314.4ms)[0m  [1m[35mCREATE DATABASE "appli_de_test_test" ENCODING = 'unicode'[0m
  ↳ bin/rails:9
  [1m[35m (22.1ms)[0m  [1m[35mCREATE TABLE "schema_migrations" ("version" character varying NOT NULL PRIMARY KEY)[0m
  ↳ bin/rails:9
  [1m[35m (10.3ms)[0m  [1m[35mCREATE TABLE "ar_internal_metadata" ("key" character varying NOT NULL PRIMARY KEY, "value" character varying, "created_at" timestamp NOT NULL, "updated_at" timestamp NOT NULL)[0m
  ↳ bin/rails:9
  [1m[35m (0.3ms)[0m  [1m[34mSELECT pg_try_advisory_lock(2746841518100239245)[0m
  ↳ bin/rails:9
  [1m[35m (0.4ms)[0m  [1m[34mSELECT "schema_migrations"."version" FROM "schema_migrations" ORDER BY "schema_migrations"."version" ASC[0m
  ↳ bin/rails:9
Migrating to CreateUsers (20220808075913)
  [1m[35m (0.2ms)[0m  [1m[35mBEGIN[0m
  ↳ bin/rails:9
  [1m[35m (15.1ms)[0m  [1m[35mCREATE TABLE "users" ("id" bigserial primary key, "name" character varying, "email" character varying, "created_at" timestamp NOT NULL, "updated_at" timestamp NOT NULL)[0m
  ↳ db/migrate/20220808075913_create_users.rb:3
  [1m[36mActiveRecord::SchemaMigration Create (1.0ms)[0m  [1m[32mINSERT INTO "schema_migrations" ("version") VALUES ($1) RETURNING "version"[0m  [["version", "20220808075913"]]
  ↳ bin/rails:9
  [1m[35m (3.5ms)[0m  [1m[35mCOMMIT[0m
  ↳ bin/rails:9
  [1m[36mActiveRecord::InternalMetadata Load (0.9ms)[0m  [1m[34mSELECT  "ar_internal_metadata".* FROM "ar_internal_metadata" WHERE "ar_internal_metadata"."key" = $1 LIMIT $2[0m  [["key", "environment"], ["LIMIT", 1]]
  ↳ bin/rails:9
  [1m[35m (0.3ms)[0m  [1m[35mBEGIN[0m
  ↳ bin/rails:9
  [1m[36mActiveRecord::InternalMetadata Create (1.1ms)[0m  [1m[32mINSERT INTO "ar_internal_metadata" ("key", "value", "created_at", "updated_at") VALUES ($1, $2, $3, $4) RETURNING "key"[0m  [["key", "environment"], ["value", "development"], ["created_at", "2022-08-08 08:25:10.793783"], ["updated_at", "2022-08-08 08:25:10.793783"]]
  ↳ bin/rails:9
  [1m[35m (4.0ms)[0m  [1m[35mCOMMIT[0m
  ↳ bin/rails:9
  [1m[35m (2.1ms)[0m  [1m[34mSELECT pg_advisory_unlock(2746841518100239245)[0m
  ↳ bin/rails:9
  [1m[35m (0.5ms)[0m  [1m[34mSELECT "schema_migrations"."version" FROM "schema_migrations" ORDER BY "schema_migrations"."version" ASC[0m
  ↳ bin/rails:9
  [1m[35m (0.7ms)[0m  [1m[34mSELECT "schema_migrations"."version" FROM "schema_migrations" ORDER BY "schema_migrations"."version" ASC[0m
  ↳ bin/rails:9
  [1m[35m (0.5ms)[0m  [1m[35mBEGIN[0m
  [1m[36mUser Create (0.7ms)[0m  [1m[32mINSERT INTO "users" ("name", "email", "created_at", "updated_at") VALUES ($1, $2, $3, $4) RETURNING "id"[0m  [["name", "Féfé"], ["email", "féfé@yopmail.com"], ["created_at", "2022-08-08 08:25:15.575512"], ["updated_at", "2022-08-08 08:25:15.575512"]]
  Rendering user_mailer/welcome_email.html.erb within layouts/mailer
  Rendered user_mailer/welcome_email.html.erb within layouts/mailer (1.4ms)
  Rendering user_mailer/welcome_email.text.erb within layouts/mailer
  Rendered user_mailer/welcome_email.text.erb within layouts/mailer (0.3ms)
UserMailer#welcome_email: processed outbound mail in 818.2ms
Sent mail to féfé@yopmail.com (1082.7ms)
Date: Mon, 08 Aug 2022 10:25:16 +0200
From: no-reply@monsite.fr
To: =?UTF-8?B?ZsOpZsOp?=@yopmail.com
Message-ID: <62f0c86c8768b_fab2904-355@PC-SAM.mail>
Subject: Bienvenue chez nous !
Mime-Version: 1.0
Content-Type: multipart/alternative;
 boundary="--==_mimepart_62f0c86c83a1b_fab2904-450";
 charset=UTF-8
Content-Transfer-Encoding: 7bit


----==_mimepart_62f0c86c83a1b_fab2904-450
Content-Type: text/plain;
 charset=UTF-8
Content-Transfer-Encoding: 7bit


----==_mimepart_62f0c86c83a1b_fab2904-450
Content-Type: text/html;
 charset=UTF-8
Content-Transfer-Encoding: quoted-printable

<!DOCTYPE html>=0D
<html>=0D
  <head>=0D
    <meta http-equiv=3D"Content-Type" content=3D"text/html; charset=3Dutf=
-8" />=0D
    <style>=0D
      /* Email styles need to be inline */=0D
    </style>=0D
  </head>=0D
=0D
  <body>=0D
    <!DOCTYPE html>=0D
<html>=0D
  <head>=0D
    <meta content=3D'text/html; charset=3DUTF-8' http-equiv=3D'Content-Ty=
pe' />=0D
  </head>=0D
  <body>=0D
    <h1>Salut F=C3=A9f=C3=A9 et bienvenue chez nous !</h1>=0D
    <p>=0D
      Tu t'es inscrit sur monsite.fr en utilisant l'e-mail suivant : f=C3=
=A9f=C3=A9@yopmail.com.=0D
    </p>=0D
    <p>=0D
      Pour acc=C3=A9der =C3=A0 ton espace client, connecte-toi via : http=
://monsite.fr/login.=0D
    </p>=0D
    <p> =C3=80 tr=C3=A8s vite sur monsite.fr !=0D
  </body>=0D
</html>=0D
  </body>=0D
</html>=0D

----==_mimepart_62f0c86c83a1b_fab2904-450--

  [1m[35m (4.0ms)[0m  [1m[35mCOMMIT[0m
  [1m[35m (0.3ms)[0m  [1m[35mBEGIN[0m
  [1m[36mUser Create (4.8ms)[0m  [1m[32mINSERT INTO "users" ("name", "email", "created_at", "updated_at") VALUES ($1, $2, $3, $4) RETURNING "id"[0m  [["name", "Féfé"], ["email", "féfé@yopmail.com"], ["created_at", "2022-08-08 14:56:56.654769"], ["updated_at", "2022-08-08 14:56:56.654769"]]
  Rendering user_mailer/welcome_email.html.erb within layouts/mailer
  Rendered user_mailer/welcome_email.html.erb within layouts/mailer (2.0ms)
  Rendering user_mailer/welcome_email.text.erb within layouts/mailer
  Rendered user_mailer/welcome_email.text.erb within layouts/mailer (0.3ms)
UserMailer#welcome_email: processed outbound mail in 87.4ms
Sent mail to féfé@yopmail.com (759.5ms)
Date: Mon, 08 Aug 2022 16:56:56 +0200
From: no-reply@monsite.fr
To: =?UTF-8?B?ZsOpZsOp?=@yopmail.com
Message-ID: <62f12438c0b5e_43728c83289d@PC-SAM.mail>
Subject: Bienvenue chez nous !
Mime-Version: 1.0
Content-Type: multipart/alternative;
 boundary="--==_mimepart_62f12438beba0_43728c832789";
 charset=UTF-8
Content-Transfer-Encoding: 7bit


----==_mimepart_62f12438beba0_43728c832789
Content-Type: text/plain;
 charset=UTF-8
Content-Transfer-Encoding: 7bit


----==_mimepart_62f12438beba0_43728c832789
Content-Type: text/html;
 charset=UTF-8
Content-Transfer-Encoding: quoted-printable

<!DOCTYPE html>=0D
<html>=0D
  <head>=0D
    <meta http-equiv=3D"Content-Type" content=3D"text/html; charset=3Dutf=
-8" />=0D
    <style>=0D
      /* Email styles need to be inline */=0D
    </style>=0D
  </head>=0D
=0D
  <body>=0D
    <!DOCTYPE html>=0D
<html>=0D
  <head>=0D
    <meta content=3D'text/html; charset=3DUTF-8' http-equiv=3D'Content-Ty=
pe' />=0D
  </head>=0D
  <body>=0D
    <h1>Salut F=C3=A9f=C3=A9 et bienvenue chez nous !</h1>=0D
    <p>=0D
      Tu t'es inscrit sur monsite.fr en utilisant l'e-mail suivant : f=C3=
=A9f=C3=A9@yopmail.com.=0D
    </p>=0D
    <p>=0D
      Pour acc=C3=A9der =C3=A0 ton espace client, connecte-toi via : http=
://monsite.fr/login.=0D
    </p>=0D
    <p> =C3=80 tr=C3=A8s vite sur monsite.fr !=0D
  </body>=0D
</html>=0D
  </body>=0D
</html>=0D

----==_mimepart_62f12438beba0_43728c832789--

  [1m[35m (1.9ms)[0m  [1m[35mCOMMIT[0m
